#
# There is insufficient memory for the Java Runtime Environment to continue.
# Native memory allocation (mmap) failed to map 297795584 bytes for Failed to commit area from 0x0000000095100000 to 0x00000000a6d00000 of length 297795584.
# Possible reasons:
#   The system is out of physical RAM or swap space
#   The process is running with CompressedOops enabled, and the Java Heap may be blocking the growth of the native heap
# Possible solutions:
#   Reduce memory load on the system
#   Increase physical memory or swap space
#   Check if swap backing store is full
#   Decrease Java heap size (-Xmx/-Xms)
#   Decrease number of Java threads
#   Decrease Java thread stack sizes (-Xss)
#   Set larger code cache with -XX:ReservedCodeCacheSize=
#   JVM is running with Unscaled Compressed Oops mode in which the Java heap is
#     placed in the first 4GB address space. The Java Heap base address is the
#     maximum limit for the native heap growth. Please use -XX:HeapBaseMinAddress
#     to set the Java Heap base and to place the Java Heap above 4GB virtual address.
# This output file may be truncated or incomplete.
#
#  Out of Memory Error (./src/hotspot/os/windows/os_windows.cpp:3301), pid=7980, tid=464
#
# JRE version: OpenJDK Runtime Environment (11.0.10) (build 11.0.10+0-b96-7249189)
# Java VM: OpenJDK 64-Bit Server VM (11.0.10+0-b96-7249189, mixed mode, tiered, compressed oops, g1 gc, windows-amd64)
# No core dump will be written. Minidumps are not enabled by default on client versions of Windows
#

---------------  S U M M A R Y ------------

Command Line: --add-opens=java.base/java.util=ALL-UNNAMED --add-opens=java.base/java.lang=ALL-UNNAMED --add-opens=java.base/java.lang.invoke=ALL-UNNAMED --add-opens=java.base/java.util=ALL-UNNAMED --add-opens=java.prefs/java.util.prefs=ALL-UNNAMED --add-opens=java.prefs/java.util.prefs=ALL-UNNAMED --add-opens=java.base/java.nio.charset=ALL-UNNAMED --add-opens=java.base/java.net=ALL-UNNAMED --add-opens=java.base/java.util.concurrent.atomic=ALL-UNNAMED -Xmx2048m -Dfile.encoding=UTF-8 -Duser.country=RU -Duser.language=ru -Duser.variant org.gradle.launcher.daemon.bootstrap.GradleDaemon 7.0.2

Host: AMD Ryzen 5 2600 Six-Core Processor            , 12 cores, 15G,  Windows 10 , 64 bit Build 19041 (10.0.19041.1466)
Time: Sat Jan 29 19:12:10 2022 RTZ 2 (зима) elapsed time: 216.888607 seconds (0d 0h 3m 36s)

---------------  T H R E A D  ---------------

Current thread (0x00000295d57b6800):  VMThread "VM Thread" [stack: 0x000000f718a00000,0x000000f718b00000] [id=464]

Stack: [0x000000f718a00000,0x000000f718b00000]
[error occurred during error reporting (printing stack bounds), id 0xc0000005, EXCEPTION_ACCESS_VIOLATION (0xc0000005) at pc=0x00000295be180f2d]

Native frames: (J=compiled Java code, j=interpreted, Vv=VM code, C=native code)
V  [jvm.dll+0x5ecfaa]
V  [jvm.dll+0x722bd5]
V  [jvm.dll+0x72412d]
V  [jvm.dll+0x724745]
V  [jvm.dll+0x7246fb]
V  [jvm.dll+0x5ec348]
V  [jvm.dll+0x5ecad8]
C  [ntdll.dll+0xa20cf]
C  [ntdll.dll+0x51454]
C  [ntdll.dll+0xa0bfe]
C  0x00000295be180f2d

VM_Operation (0x000000f71f8fdcc0): G1CollectForAllocation, mode: safepoint, requested by thread 0x00000295db188800


---------------  P R O C E S S  ---------------

Threads class SMR info:
_java_thread_list=0x00000295e0025e80, length=106, elements={
0x00000295ba68e800, 0x00000295d57b8800, 0x00000295d57bb800, 0x00000295d57dd000,
0x00000295d57df000, 0x00000295d57e1800, 0x00000295d582c800, 0x00000295d5832000,
0x00000295d5839800, 0x00000295d59aa000, 0x00000295d59ab000, 0x00000295d59a8800,
0x00000295d59a7000, 0x00000295d7d3c000, 0x00000295d7d3d000, 0x00000295d7d3d800,
0x00000295d7d38800, 0x00000295d7d43800, 0x00000295d7d45000, 0x00000295d7d41000,
0x00000295d7d44000, 0x00000295d7d3f000, 0x00000295d7d41800, 0x00000295d7d46000,
0x00000295d7d40000, 0x00000295d7d42800, 0x00000295d7d46800, 0x00000295d7d47800,
0x00000295d59a7800, 0x00000295d9b0b000, 0x00000295d9b08000, 0x00000295d9b0e800,
0x00000295d9606000, 0x00000295d9603800, 0x00000295d9601000, 0x00000295d9604800,
0x00000295d9603000, 0x00000295d9605000, 0x00000295d9602000, 0x00000295d960c800,
0x00000295d9608800, 0x00000295d960a000, 0x00000295d960d800, 0x00000295d960b000,
0x00000295d9607800, 0x00000295d960e000, 0x00000295d9b0c000, 0x00000295d9b08800,
0x00000295d9b11800, 0x00000295d9b11000, 0x00000295d9b12800, 0x00000295d9b0d800,
0x00000295d9b0d000, 0x00000295d9b14000, 0x00000295d9b13800, 0x00000295d9b15000,
0x00000295d9b15800, 0x00000295d9b16800, 0x00000295d7d39800, 0x00000295d7d3a800,
0x00000295d7d3b000, 0x00000295d7d3e800, 0x00000295d59ac800, 0x00000295d59ab800,
0x00000295d59ad800, 0x00000295d59a9000, 0x00000295de51d000, 0x00000295de51a800,
0x00000295de517800, 0x00000295de518000, 0x00000295de51c000, 0x00000295de51e800,
0x00000295de519800, 0x00000295de51f800, 0x00000295de521000, 0x00000295de51b800,
0x00000295de522000, 0x00000295de51e000, 0x00000295de522800, 0x00000295de523800,
0x00000295de524800, 0x00000295de519000, 0x00000295de525000, 0x00000295de526000,
0x00000295de520000, 0x00000295d960b800, 0x00000295d960f000, 0x00000295db186000,
0x00000295db187000, 0x00000295db18b000, 0x00000295db187800, 0x00000295db189800,
0x00000295db185800, 0x00000295db18a000, 0x00000295db18d800, 0x00000295db18c000,
0x00000295db18e800, 0x00000295db18c800, 0x00000295db188800, 0x00000295db194000,
0x00000295db18f000, 0x00000295db190000, 0x00000295db190800, 0x00000295db191800,
0x00000295db192800, 0x00000295db193000
}

Java Threads: ( => current thread )
  0x00000295ba68e800 JavaThread "main" [_thread_blocked, id=1408, stack(0x000000f718400000,0x000000f718500000)]
  0x00000295d57b8800 JavaThread "Reference Handler" daemon [_thread_blocked, id=3032, stack(0x000000f718b00000,0x000000f718c00000)]
  0x00000295d57bb800 JavaThread "Finalizer" daemon [_thread_blocked, id=14168, stack(0x000000f718c00000,0x000000f718d00000)]
  0x00000295d57dd000 JavaThread "Signal Dispatcher" daemon [_thread_blocked, id=16704, stack(0x000000f718d00000,0x000000f718e00000)]
  0x00000295d57df000 JavaThread "Attach Listener" daemon [_thread_blocked, id=11552, stack(0x000000f718e00000,0x000000f718f00000)]
  0x00000295d57e1800 JavaThread "Service Thread" daemon [_thread_blocked, id=7084, stack(0x000000f718f00000,0x000000f719000000)]
  0x00000295d582c800 JavaThread "C2 CompilerThread0" daemon [_thread_in_native, id=6776, stack(0x000000f719000000,0x000000f719100000)]
  0x00000295d5832000 JavaThread "C1 CompilerThread0" daemon [_thread_blocked, id=13824, stack(0x000000f719100000,0x000000f719200000)]
  0x00000295d5839800 JavaThread "Sweeper thread" daemon [_thread_blocked, id=4604, stack(0x000000f719200000,0x000000f719300000)]
  0x00000295d59aa000 JavaThread "Common-Cleaner" daemon [_thread_blocked, id=15856, stack(0x000000f719300000,0x000000f719400000)]
  0x00000295d59ab000 JavaThread "Daemon health stats" [_thread_blocked, id=16740, stack(0x000000f719c00000,0x000000f719d00000)]
  0x00000295d59a8800 JavaThread "Incoming local TCP Connector on port 61596" [_thread_in_native, id=17932, stack(0x000000f719d00000,0x000000f719e00000)]
  0x00000295d59a7000 JavaThread "Daemon periodic checks" [_thread_blocked, id=4764, stack(0x000000f719e00000,0x000000f719f00000)]
  0x00000295d7d3c000 JavaThread "Cache worker for file hash cache (C:\Users\Kostya\.gradle\caches\7.0.2\fileHashes)" [_thread_blocked, id=4672, stack(0x000000f719600000,0x000000f719700000)]
  0x00000295d7d3d000 JavaThread "File lock request listener" [_thread_in_native, id=2764, stack(0x000000f71a600000,0x000000f71a700000)]
  0x00000295d7d3d800 JavaThread "Cache worker for journal cache (C:\Users\Kostya\.gradle\caches\journal-1)" [_thread_blocked, id=16476, stack(0x000000f71ad00000,0x000000f71ae00000)]
  0x00000295d7d38800 JavaThread "File watcher server" daemon [_thread_blocked, id=7356, stack(0x000000f71af00000,0x000000f71b000000)]
  0x00000295d7d43800 JavaThread "File watcher consumer" daemon [_thread_blocked, id=5676, stack(0x000000f71b000000,0x000000f71b100000)]
  0x00000295d7d45000 JavaThread "jar transforms" [_thread_blocked, id=16176, stack(0x000000f71b100000,0x000000f71b200000)]
  0x00000295d7d41000 JavaThread "jar transforms Thread 2" [_thread_blocked, id=16124, stack(0x000000f71b200000,0x000000f71b300000)]
  0x00000295d7d44000 JavaThread "jar transforms Thread 3" [_thread_blocked, id=1296, stack(0x000000f71b300000,0x000000f71b400000)]
  0x00000295d7d3f000 JavaThread "jar transforms Thread 4" [_thread_blocked, id=9056, stack(0x000000f71b400000,0x000000f71b500000)]
  0x00000295d7d41800 JavaThread "jar transforms Thread 5" [_thread_blocked, id=4316, stack(0x000000f71b500000,0x000000f71b600000)]
  0x00000295d7d46000 JavaThread "jar transforms Thread 6" [_thread_blocked, id=17404, stack(0x000000f71b600000,0x000000f71b700000)]
  0x00000295d7d40000 JavaThread "jar transforms Thread 7" [_thread_blocked, id=3576, stack(0x000000f71b700000,0x000000f71b800000)]
  0x00000295d7d42800 JavaThread "jar transforms Thread 8" [_thread_blocked, id=16504, stack(0x000000f71b800000,0x000000f71b900000)]
  0x00000295d7d46800 JavaThread "jar transforms Thread 9" [_thread_blocked, id=10548, stack(0x000000f71b900000,0x000000f71ba00000)]
  0x00000295d7d47800 JavaThread "jar transforms Thread 10" [_thread_blocked, id=14636, stack(0x000000f71ba00000,0x000000f71bb00000)]
  0x00000295d59a7800 JavaThread "jar transforms Thread 11" [_thread_blocked, id=11040, stack(0x000000f71bb00000,0x000000f71bc00000)]
  0x00000295d9b0b000 JavaThread "jar transforms Thread 12" [_thread_blocked, id=2552, stack(0x000000f71bc00000,0x000000f71bd00000)]
  0x00000295d9b08000 JavaThread "Cache worker for execution history cache (C:\Users\Kostya\.gradle\caches\7.0.2\executionHistory)" [_thread_blocked, id=11476, stack(0x000000f71c100000,0x000000f71c200000)]
  0x00000295d9b0e800 JavaThread "Cache worker for file content cache (C:\Users\Kostya\.gradle\caches\7.0.2\fileContent)" [_thread_blocked, id=6792, stack(0x000000f71c200000,0x000000f71c300000)]
  0x00000295d9606000 JavaThread "Memory manager" [_thread_blocked, id=6132, stack(0x000000f71d100000,0x000000f71d200000)]
  0x00000295d9603800 JavaThread "Daemon Thread 2" [_thread_blocked, id=18160, stack(0x000000f718100000,0x000000f718200000)]
  0x00000295d9601000 JavaThread "Handler for socket connection from /127.0.0.1:61596 to /127.0.0.1:54552" [_thread_in_native, id=11128, stack(0x000000f718200000,0x000000f718300000)]
  0x00000295d9604800 JavaThread "Cancel handler" [_thread_blocked, id=4448, stack(0x000000f718300000,0x000000f718400000)]
  0x00000295d9603000 JavaThread "Daemon worker Thread 2" [_thread_blocked, id=18168, stack(0x000000f719f00000,0x000000f71a000000)]
  0x00000295d9605000 JavaThread "Asynchronous log dispatcher for DefaultDaemonConnection: socket connection from /127.0.0.1:61596 to /127.0.0.1:54552" [_thread_blocked, id=1992, stack(0x000000f71a100000,0x000000f71a200000)]
  0x00000295d9602000 JavaThread "Stdin handler" [_thread_blocked, id=6124, stack(0x000000f71a200000,0x000000f71a300000)]
  0x00000295d960c800 JavaThread "Daemon client event forwarder" [_thread_blocked, id=17096, stack(0x000000f71a300000,0x000000f71a400000)]
  0x00000295d9608800 JavaThread "Cache worker for file hash cache (C:\Users\Kostya\StudioProjects\Graduation-Harman\.gradle\7.0.2\fileHashes)" [_thread_blocked, id=10932, stack(0x000000f71a400000,0x000000f71a500000)]
  0x00000295d960a000 JavaThread "Cache worker for checksums cache (C:\Users\Kostya\StudioProjects\Graduation-Harman\.gradle\checksums)" [_thread_blocked, id=13248, stack(0x000000f71a500000,0x000000f71a600000)]
  0x00000295d960d800 JavaThread "Cache worker for cache directory md-supplier (C:\Users\Kostya\.gradle\caches\7.0.2\md-supplier)" [_thread_blocked, id=10940, stack(0x000000f71be00000,0x000000f71bf00000)]
  0x00000295d960b000 JavaThread "Cache worker for cache directory md-rule (C:\Users\Kostya\.gradle\caches\7.0.2\md-rule)" [_thread_blocked, id=14908, stack(0x000000f71bf00000,0x000000f71c000000)]
  0x00000295d9607800 JavaThread "Cache worker for dependencies-accessors (C:\Users\Kostya\StudioProjects\Graduation-Harman\.gradle\7.0.2\dependencies-accessors)" [_thread_blocked, id=17636, stack(0x000000f71c000000,0x000000f71c100000)]
  0x00000295d960e000 JavaThread "Cache worker for Build Output Cleanup Cache (C:\Users\Kostya\StudioProjects\Graduation-Harman\.gradle\buildOutputCleanup)" [_thread_blocked, id=1596, stack(0x000000f71c300000,0x000000f71c400000)]
  0x00000295d9b0c000 JavaThread "Build operations" [_thread_blocked, id=13272, stack(0x000000f71c500000,0x000000f71c600000)]
  0x00000295d9b08800 JavaThread "Build operations Thread 2" [_thread_blocked, id=9064, stack(0x000000f71c600000,0x000000f71c700000)]
  0x00000295d9b11800 JavaThread "Build operations Thread 3" [_thread_blocked, id=11532, stack(0x000000f71c700000,0x000000f71c800000)]
  0x00000295d9b11000 JavaThread "Build operations Thread 4" [_thread_blocked, id=11620, stack(0x000000f71c800000,0x000000f71c900000)]
  0x00000295d9b12800 JavaThread "Build operations Thread 5" [_thread_blocked, id=11780, stack(0x000000f71c900000,0x000000f71ca00000)]
  0x00000295d9b0d800 JavaThread "Build operations Thread 6" [_thread_blocked, id=11608, stack(0x000000f71ca00000,0x000000f71cb00000)]
  0x00000295d9b0d000 JavaThread "Build operations Thread 7" [_thread_blocked, id=9944, stack(0x000000f71cb00000,0x000000f71cc00000)]
  0x00000295d9b14000 JavaThread "Build operations Thread 8" [_thread_blocked, id=13152, stack(0x000000f71cc00000,0x000000f71cd00000)]
  0x00000295d9b13800 JavaThread "Build operations Thread 9" [_thread_blocked, id=4336, stack(0x000000f71cd00000,0x000000f71ce00000)]
  0x00000295d9b15000 JavaThread "Build operations Thread 10" [_thread_blocked, id=13596, stack(0x000000f71ce00000,0x000000f71cf00000)]
  0x00000295d9b15800 JavaThread "Build operations Thread 11" [_thread_blocked, id=592, stack(0x000000f71cf00000,0x000000f71d000000)]
  0x00000295d9b16800 JavaThread "Build operations Thread 12" [_thread_blocked, id=13460, stack(0x000000f71d000000,0x000000f71d100000)]
  0x00000295d7d39800 JavaThread "build event listener" [_thread_blocked, id=15728, stack(0x000000f71d200000,0x000000f71d300000)]
  0x00000295d7d3a800 JavaThread "build event listener" [_thread_blocked, id=14784, stack(0x000000f71d300000,0x000000f71d400000)]
  0x00000295d7d3b000 JavaThread "Execution worker for ':'" [_thread_blocked, id=16120, stack(0x000000f71d400000,0x000000f71d500000)]
  0x00000295d7d3e800 JavaThread "Execution worker for ':' Thread 2" [_thread_blocked, id=16100, stack(0x000000f71d500000,0x000000f71d600000)]
  0x00000295d59ac800 JavaThread "Execution worker for ':' Thread 3" [_thread_blocked, id=11808, stack(0x000000f71d600000,0x000000f71d700000)]
  0x00000295d59ab800 JavaThread "Execution worker for ':' Thread 4" [_thread_blocked, id=11932, stack(0x000000f71d700000,0x000000f71d800000)]
  0x00000295d59ad800 JavaThread "Execution worker for ':' Thread 5" [_thread_blocked, id=11628, stack(0x000000f71d800000,0x000000f71d900000)]
  0x00000295d59a9000 JavaThread "Execution worker for ':' Thread 6" [_thread_blocked, id=15744, stack(0x000000f71d900000,0x000000f71da00000)]
  0x00000295de51d000 JavaThread "Execution worker for ':' Thread 7" [_thread_blocked, id=16824, stack(0x000000f71da00000,0x000000f71db00000)]
  0x00000295de51a800 JavaThread "Execution worker for ':' Thread 8" [_thread_blocked, id=12640, stack(0x000000f71db00000,0x000000f71dc00000)]
  0x00000295de517800 JavaThread "Execution worker for ':' Thread 9" [_thread_blocked, id=11388, stack(0x000000f71dc00000,0x000000f71dd00000)]
  0x00000295de518000 JavaThread "Execution worker for ':' Thread 10" [_thread_blocked, id=9164, stack(0x000000f71dd00000,0x000000f71de00000)]
  0x00000295de51c000 JavaThread "Execution worker for ':' Thread 11" [_thread_blocked, id=12476, stack(0x000000f71de00000,0x000000f71df00000)]
  0x00000295de51e800 JavaThread "Cache worker for execution history cache (C:\Users\Kostya\StudioProjects\Graduation-Harman\.gradle\7.0.2\executionHistory)" [_thread_blocked, id=10408, stack(0x000000f71df00000,0x000000f71e000000)]
  0x00000295de519800 JavaThread "RMI Scheduler(0)" daemon [_thread_blocked, id=15052, stack(0x000000f71bd00000,0x000000f71be00000)]
  0x00000295de51f800 JavaThread "RMI GC Daemon" daemon [_thread_blocked, id=4428, stack(0x000000f71e000000,0x000000f71e100000)]
  0x00000295de521000 JavaThread "RMI TCP Accept-0" daemon [_thread_in_native, id=13268, stack(0x000000f71e200000,0x000000f71e300000)]
  0x00000295de51b800 JavaThread "RMI Reaper" [_thread_blocked, id=10908, stack(0x000000f71e300000,0x000000f71e400000)]
  0x00000295de522000 JavaThread "RMI TCP Connection(1)-127.0.0.1" daemon [_thread_in_native, id=3280, stack(0x000000f71e400000,0x000000f71e500000)]
  0x00000295de51e000 JavaThread "C2 CompilerThread1" daemon [_thread_in_native, id=12916, stack(0x000000f71e100000,0x000000f71e200000)]
  0x00000295de522800 JavaThread "C2 CompilerThread2" daemon [_thread_blocked, id=11488, stack(0x000000f71e500000,0x000000f71e600000)]
  0x00000295de523800 JavaThread "Cache worker for Java compile cache (C:\Users\Kostya\.gradle\caches\7.0.2\javaCompile)" [_thread_blocked, id=14804, stack(0x000000f71e600000,0x000000f71e700000)]
  0x00000295de524800 JavaThread "Cache worker for Java compile cache (C:\Users\Kostya\StudioProjects\Graduation-Harman\.gradle\7.0.2\javaCompile)" [_thread_blocked, id=18312, stack(0x000000f71e700000,0x000000f71e800000)]
  0x00000295de519000 JavaThread "WorkerExecutor Queue" [_thread_blocked, id=17288, stack(0x000000f71c400000,0x000000f71c500000)]
  0x00000295de525000 JavaThread "WorkerExecutor Queue Thread 2" [_thread_blocked, id=13440, stack(0x000000f71e800000,0x000000f71e900000)]
  0x00000295de526000 JavaThread "WorkerExecutor Queue Thread 3" [_thread_blocked, id=18228, stack(0x000000f71e900000,0x000000f71ea00000)]
  0x00000295de520000 JavaThread "WorkerExecutor Queue Thread 4" [_thread_blocked, id=18068, stack(0x000000f71ea00000,0x000000f71eb00000)]
  0x00000295d960b800 JavaThread "WorkerExecutor Queue Thread 5" [_thread_blocked, id=8888, stack(0x000000f71eb00000,0x000000f71ec00000)]
  0x00000295d960f000 JavaThread "WorkerExecutor Queue Thread 6" [_thread_blocked, id=12184, stack(0x000000f71ec00000,0x000000f71ed00000)]
  0x00000295db186000 JavaThread "WorkerExecutor Queue Thread 7" [_thread_blocked, id=14400, stack(0x000000f71ed00000,0x000000f71ee00000)]
  0x00000295db187000 JavaThread "WorkerExecutor Queue Thread 8" [_thread_blocked, id=10856, stack(0x000000f71ee00000,0x000000f71ef00000)]
  0x00000295db18b000 JavaThread "WorkerExecutor Queue Thread 9" [_thread_blocked, id=6016, stack(0x000000f71ef00000,0x000000f71f000000)]
  0x00000295db187800 JavaThread "WorkerExecutor Queue Thread 10" [_thread_blocked, id=11052, stack(0x000000f71f000000,0x000000f71f100000)]
  0x00000295db189800 JavaThread "WorkerExecutor Queue Thread 11" [_thread_blocked, id=2528, stack(0x000000f71f100000,0x000000f71f200000)]
  0x00000295db185800 JavaThread "WorkerExecutor Queue Thread 12" [_thread_blocked, id=15568, stack(0x000000f71f200000,0x000000f71f300000)]
  0x00000295db18a000 JavaThread "WorkerExecutor Queue Thread 13" [_thread_blocked, id=16720, stack(0x000000f71f300000,0x000000f71f400000)]
  0x00000295db18d800 JavaThread "ForkJoinPool-2-worker-19" daemon [_thread_blocked, id=17644, stack(0x000000f71f400000,0x000000f71f500000)]
  0x00000295db18c000 JavaThread "ForkJoinPool-2-worker-5" daemon [_thread_blocked, id=16560, stack(0x000000f71f500000,0x000000f71f600000)]
  0x00000295db18e800 JavaThread "ForkJoinPool-2-worker-23" daemon [_thread_blocked, id=9956, stack(0x000000f71f600000,0x000000f71f700000)]
  0x00000295db18c800 JavaThread "ForkJoinPool-2-worker-9" daemon [_thread_blocked, id=14632, stack(0x000000f71f700000,0x000000f71f800000)]
  0x00000295db188800 JavaThread "ForkJoinPool-2-worker-27" daemon [_thread_blocked, id=16716, stack(0x000000f71f800000,0x000000f71f900000)]
  0x00000295db194000 JavaThread "ForkJoinPool-2-worker-13" daemon [_thread_blocked, id=13988, stack(0x000000f71f900000,0x000000f71fa00000)]
  0x00000295db18f000 JavaThread "ForkJoinPool-2-worker-17" daemon [_thread_blocked, id=12020, stack(0x000000f71fa00000,0x000000f71fb00000)]
  0x00000295db190000 JavaThread "ForkJoinPool-2-worker-31" daemon [_thread_blocked, id=3992, stack(0x000000f71fb00000,0x000000f71fc00000)]
  0x00000295db190800 JavaThread "ForkJoinPool-2-worker-3" daemon [_thread_blocked, id=13608, stack(0x000000f71fc00000,0x000000f71fd00000)]
  0x00000295db191800 JavaThread "ForkJoinPool-2-worker-21" daemon [_thread_blocked, id=12440, stack(0x000000f71fd00000,0x000000f71fe00000)]
  0x00000295db192800 JavaThread "ForkJoinPool-2-worker-7" daemon [_thread_blocked, id=9940, stack(0x000000f71fe00000,0x000000f71ff00000)]
  0x00000295db193000 JavaThread "ForkJoinPool-2-worker-25" daemon [_thread_blocked, id=14608, stack(0x000000f71ff00000,0x000000f720000000)]

Other Threads:
=>0x00000295d57b6800 VMThread "VM Thread" [stack: 0x000000f718a00000,0x000000f718b00000] [id=464]
  0x00000295d599e000 WatcherThread [stack: 0x000000f719400000,0x000000f719500000] [id=16900]
  0x00000295ba6a5800 GCTaskThread "GC Thread#0" [stack: 0x000000f718500000,0x000000f718600000] [id=14956]
  0x00000295d5d80800 GCTaskThread "GC Thread#1" [stack: 0x000000f719700000,0x000000f719800000] [id=16288]
  0x00000295d6803000 GCTaskThread "GC Thread#2" [stack: 0x000000f719800000,0x000000f719900000] [id=5920]
  0x00000295d6803800 GCTaskThread "GC Thread#3" [stack: 0x000000f719900000,0x000000f719a00000] [id=6076]
  0x00000295d67ce000 GCTaskThread "GC Thread#4" [stack: 0x000000f719a00000,0x000000f719b00000] [id=964]
  0x00000295d5f2e000 GCTaskThread "GC Thread#5" [stack: 0x000000f719b00000,0x000000f719c00000] [id=16436]
  0x00000295d6923800 GCTaskThread "GC Thread#6" [stack: 0x000000f71a700000,0x000000f71a800000] [id=4472]
  0x00000295d7a15000 GCTaskThread "GC Thread#7" [stack: 0x000000f71a800000,0x000000f71a900000] [id=1728]
  0x00000295d7e99000 GCTaskThread "GC Thread#8" [stack: 0x000000f71a900000,0x000000f71aa00000] [id=16260]
  0x00000295d77a8000 GCTaskThread "GC Thread#9" [stack: 0x000000f71aa00000,0x000000f71ab00000] [id=15988]
  0x00000295ba6d7800 ConcurrentGCThread "G1 Main Marker" [stack: 0x000000f718600000,0x000000f718700000] [id=17528]
  0x00000295ba6d9000 ConcurrentGCThread "G1 Conc#0" [stack: 0x000000f718700000,0x000000f718800000] [id=2148]
  0x00000295d676f000 ConcurrentGCThread "G1 Conc#1" [stack: 0x000000f71ab00000,0x000000f71ac00000] [id=12884]
  0x00000295d6568000 ConcurrentGCThread "G1 Conc#2" [stack: 0x000000f71ac00000,0x000000f71ad00000] [id=3652]
  0x00000295d4e04800 ConcurrentGCThread "G1 Refine#0" [stack: 0x000000f718800000,0x000000f718900000] [id=12692]
  0x00000295e0c8f800 ConcurrentGCThread "G1 Refine#1" [stack: 0x000000f71ae00000,0x000000f71af00000] [id=8868]
  0x00000295dc9cb000 ConcurrentGCThread "G1 Refine#2" [stack: 0x000000f720000000,0x000000f720100000] [id=17880]
  0x00000295d4e05800 ConcurrentGCThread "G1 Young RemSet Sampling" [stack: 0x000000f718900000,0x000000f718a00000] [id=5688]

Threads with active compile tasks:
C2 CompilerThread0 216900 17438 %     4       com.android.tools.r8.dex.j::a @ 315 (1038 bytes)
C2 CompilerThread1 216900 18632       4       com.android.tools.r8.graph.M::G (102 bytes)
C2 CompilerThread2 216900 18640 %     4       java.util.TimSort::mergeLo @ 153 (659 bytes)

VM state:at safepoint (normal execution)

VM Mutex/Monitor currently owned by a thread:  ([mutex/lock_event])
[0x00000295ba68a190] Threads_lock - owner thread: 0x00000295d57b6800
[0x00000295ba68adf0] Heap_lock - owner thread: 0x00000295db188800

Heap address: 0x0000000080000000, size: 2048 MB, Compressed Oops mode: 32-bit
Narrow klass base: 0x0000000000000000, Narrow klass shift: 3
Compressed class space size: 1073741824 Address: 0x0000000100000000

Heap:
 garbage-first heap   total 635904K, used 233585K [0x0000000080000000, 0x0000000100000000)
  region size 1024K, 2 young (2048K), 2 survivors (2048K)
 Metaspace       used 134249K, capacity 138336K, committed 140364K, reserved 1169408K
  class space    used 17515K, capacity 19021K, committed 19788K, reserved 1048576K
Heap Regions: E=young(eden), S=young(survivor), O=old, HS=humongous(starts), HC=humongous(continues), CS=collection set, F=free, A=archive, TAMS=top-at-mark-start (previous, next)
|   0|0x0000000080000000, 0x0000000080100000, 0x0000000080100000|100%| O|  |TAMS 0x0000000080100000, 0x0000000080100000| Untracked 
|   1|0x0000000080100000, 0x0000000080200000, 0x0000000080200000|100%| O|  |TAMS 0x0000000080200000, 0x0000000080200000| Untracked 
|   2|0x0000000080200000, 0x0000000080300000, 0x0000000080300000|100%| O|  |TAMS 0x0000000080300000, 0x0000000080300000| Untracked 
|   3|0x0000000080300000, 0x0000000080400000, 0x0000000080400000|100%|HS|  |TAMS 0x0000000080400000, 0x0000000080400000| Complete 
|   4|0x0000000080400000, 0x0000000080500000, 0x0000000080500000|100%|HC|  |TAMS 0x0000000080500000, 0x0000000080500000| Complete 
|   5|0x0000000080500000, 0x0000000080600000, 0x0000000080600000|100%|HC|  |TAMS 0x0000000080600000, 0x0000000080600000| Complete 
|   6|0x0000000080600000, 0x0000000080700000, 0x0000000080700000|100%| O|  |TAMS 0x0000000080700000, 0x0000000080700000| Untracked 
|   7|0x0000000080700000, 0x0000000080800000, 0x0000000080800000|100%| O|  |TAMS 0x0000000080800000, 0x0000000080800000| Untracked 
|   8|0x0000000080800000, 0x0000000080900000, 0x0000000080900000|100%| O|  |TAMS 0x0000000080900000, 0x0000000080900000| Untracked 
|   9|0x0000000080900000, 0x0000000080a00000, 0x0000000080a00000|100%| O|  |TAMS 0x0000000080a00000, 0x0000000080a00000| Untracked 
|  10|0x0000000080a00000, 0x0000000080b00000, 0x0000000080b00000|100%| O|  |TAMS 0x0000000080b00000, 0x0000000080b00000| Untracked 
|  11|0x0000000080b00000, 0x0000000080c00000, 0x0000000080c00000|100%| O|  |TAMS 0x0000000080c00000, 0x0000000080c00000| Untracked 
|  12|0x0000000080c00000, 0x0000000080d00000, 0x0000000080d00000|100%| O|  |TAMS 0x0000000080d00000, 0x0000000080d00000| Untracked 
|  13|0x0000000080d00000, 0x0000000080e00000, 0x0000000080e00000|100%| O|  |TAMS 0x0000000080e00000, 0x0000000080e00000| Untracked 
|  14|0x0000000080e00000, 0x0000000080f00000, 0x0000000080f00000|100%| O|  |TAMS 0x0000000080f00000, 0x0000000080f00000| Untracked 
|  15|0x0000000080f00000, 0x0000000081000000, 0x0000000081000000|100%| O|  |TAMS 0x0000000081000000, 0x0000000081000000| Untracked 
|  16|0x0000000081000000, 0x0000000081100000, 0x0000000081100000|100%|HS|  |TAMS 0x0000000081100000, 0x0000000081100000| Complete 
|  17|0x0000000081100000, 0x0000000081200000, 0x0000000081200000|100%|HC|  |TAMS 0x0000000081200000, 0x0000000081200000| Complete 
|  18|0x0000000081200000, 0x0000000081300000, 0x0000000081300000|100%|HS|  |TAMS 0x0000000081300000, 0x0000000081300000| Complete 
|  19|0x0000000081300000, 0x0000000081400000, 0x0000000081400000|100%|HC|  |TAMS 0x0000000081400000, 0x0000000081400000| Complete 
|  20|0x0000000081400000, 0x0000000081500000, 0x0000000081500000|100%|HC|  |TAMS 0x0000000081500000, 0x0000000081500000| Complete 
|  21|0x0000000081500000, 0x0000000081600000, 0x0000000081600000|100%|HS|  |TAMS 0x0000000081600000, 0x0000000081600000| Complete 
|  22|0x0000000081600000, 0x0000000081700000, 0x0000000081700000|100%|HC|  |TAMS 0x0000000081700000, 0x0000000081700000| Complete 
|  23|0x0000000081700000, 0x0000000081800000, 0x0000000081800000|100%|HC|  |TAMS 0x0000000081800000, 0x0000000081800000| Complete 
|  24|0x0000000081800000, 0x0000000081900000, 0x0000000081900000|100%|HC|  |TAMS 0x0000000081900000, 0x0000000081900000| Complete 
|  25|0x0000000081900000, 0x0000000081a00000, 0x0000000081a00000|100%|HC|  |TAMS 0x0000000081a00000, 0x0000000081a00000| Complete 
|  26|0x0000000081a00000, 0x0000000081b00000, 0x0000000081b00000|100%|HS|  |TAMS 0x0000000081b00000, 0x0000000081b00000| Complete 
|  27|0x0000000081b00000, 0x0000000081c00000, 0x0000000081c00000|100%|HS|  |TAMS 0x0000000081c00000, 0x0000000081c00000| Complete 
|  28|0x0000000081c00000, 0x0000000081d00000, 0x0000000081d00000|100%|HS|  |TAMS 0x0000000081d00000, 0x0000000081d00000| Complete 
|  29|0x0000000081d00000, 0x0000000081e00000, 0x0000000081e00000|100%|HS|  |TAMS 0x0000000081e00000, 0x0000000081e00000| Complete 
|  30|0x0000000081e00000, 0x0000000081f00000, 0x0000000081f00000|100%|HC|  |TAMS 0x0000000081f00000, 0x0000000081f00000| Complete 
|  31|0x0000000081f00000, 0x0000000082000000, 0x0000000082000000|100%|HC|  |TAMS 0x0000000082000000, 0x0000000082000000| Complete 
|  32|0x0000000082000000, 0x0000000082100000, 0x0000000082100000|100%|HC|  |TAMS 0x0000000082100000, 0x0000000082100000| Complete 
|  33|0x0000000082100000, 0x0000000082200000, 0x0000000082200000|100%|HC|  |TAMS 0x0000000082200000, 0x0000000082200000| Complete 
|  34|0x0000000082200000, 0x0000000082300000, 0x0000000082300000|100%|HS|  |TAMS 0x0000000082300000, 0x0000000082300000| Complete 
|  35|0x0000000082300000, 0x0000000082400000, 0x0000000082400000|100%|HC|  |TAMS 0x0000000082400000, 0x0000000082400000| Complete 
|  36|0x0000000082400000, 0x0000000082500000, 0x0000000082500000|100%|HC|  |TAMS 0x0000000082500000, 0x0000000082500000| Complete 
|  37|0x0000000082500000, 0x0000000082600000, 0x0000000082600000|100%| O|  |TAMS 0x0000000082600000, 0x0000000082600000| Untracked 
|  38|0x0000000082600000, 0x0000000082700000, 0x0000000082700000|100%| O|  |TAMS 0x0000000082700000, 0x0000000082700000| Untracked 
|  39|0x0000000082700000, 0x0000000082800000, 0x0000000082800000|100%| O|  |TAMS 0x0000000082800000, 0x0000000082800000| Untracked 
|  40|0x0000000082800000, 0x0000000082900000, 0x0000000082900000|100%| O|  |TAMS 0x0000000082900000, 0x0000000082900000| Untracked 
|  41|0x0000000082900000, 0x0000000082a00000, 0x0000000082a00000|100%| O|  |TAMS 0x0000000082a00000, 0x0000000082a00000| Untracked 
|  42|0x0000000082a00000, 0x0000000082b00000, 0x0000000082b00000|100%| O|  |TAMS 0x0000000082b00000, 0x0000000082b00000| Untracked 
|  43|0x0000000082b00000, 0x0000000082c00000, 0x0000000082c00000|100%| O|  |TAMS 0x0000000082c00000, 0x0000000082c00000| Untracked 
|  44|0x0000000082c00000, 0x0000000082d00000, 0x0000000082d00000|100%|HS|  |TAMS 0x0000000082d00000, 0x0000000082d00000| Complete 
|  45|0x0000000082d00000, 0x0000000082e00000, 0x0000000082e00000|100%|HC|  |TAMS 0x0000000082e00000, 0x0000000082e00000| Complete 
|  46|0x0000000082e00000, 0x0000000082f00000, 0x0000000082f00000|100%|HC|  |TAMS 0x0000000082f00000, 0x0000000082f00000| Complete 
|  47|0x0000000082f00000, 0x0000000083000000, 0x0000000083000000|100%| O|  |TAMS 0x0000000083000000, 0x0000000083000000| Untracked 
|  48|0x0000000083000000, 0x0000000083100000, 0x0000000083100000|100%| O|  |TAMS 0x0000000083100000, 0x0000000083100000| Untracked 
|  49|0x0000000083100000, 0x0000000083200000, 0x0000000083200000|100%| O|  |TAMS 0x0000000083200000, 0x0000000083200000| Untracked 
|  50|0x0000000083200000, 0x0000000083300000, 0x0000000083300000|100%| O|  |TAMS 0x0000000083300000, 0x0000000083300000| Untracked 
|  51|0x0000000083300000, 0x0000000083400000, 0x0000000083400000|100%| O|  |TAMS 0x0000000083400000, 0x0000000083400000| Untracked 
|  52|0x0000000083400000, 0x0000000083500000, 0x0000000083500000|100%| O|  |TAMS 0x0000000083500000, 0x0000000083500000| Untracked 
|  53|0x0000000083500000, 0x0000000083600000, 0x0000000083600000|100%| O|  |TAMS 0x0000000083600000, 0x0000000083600000| Untracked 
|  54|0x0000000083600000, 0x0000000083700000, 0x0000000083700000|100%| O|  |TAMS 0x0000000083700000, 0x0000000083700000| Untracked 
|  55|0x0000000083700000, 0x0000000083800000, 0x0000000083800000|100%| O|  |TAMS 0x0000000083800000, 0x0000000083800000| Untracked 
|  56|0x0000000083800000, 0x0000000083900000, 0x0000000083900000|100%| O|  |TAMS 0x0000000083900000, 0x0000000083900000| Untracked 
|  57|0x0000000083900000, 0x0000000083a00000, 0x0000000083a00000|100%|HS|  |TAMS 0x0000000083a00000, 0x0000000083a00000| Complete 
|  58|0x0000000083a00000, 0x0000000083b00000, 0x0000000083b00000|100%|HC|  |TAMS 0x0000000083b00000, 0x0000000083b00000| Complete 
|  59|0x0000000083b00000, 0x0000000083c00000, 0x0000000083c00000|100%| O|  |TAMS 0x0000000083c00000, 0x0000000083c00000| Untracked 
|  60|0x0000000083c00000, 0x0000000083d00000, 0x0000000083d00000|100%| O|  |TAMS 0x0000000083d00000, 0x0000000083d00000| Untracked 
|  61|0x0000000083d00000, 0x0000000083e00000, 0x0000000083e00000|100%| O|  |TAMS 0x0000000083e00000, 0x0000000083e00000| Untracked 
|  62|0x0000000083e00000, 0x0000000083f00000, 0x0000000083f00000|100%| O|  |TAMS 0x0000000083f00000, 0x0000000083f00000| Untracked 
|  63|0x0000000083f00000, 0x0000000084000000, 0x0000000084000000|100%| O|  |TAMS 0x0000000084000000, 0x0000000084000000| Untracked 
|  64|0x0000000084000000, 0x0000000084100000, 0x0000000084100000|100%| O|  |TAMS 0x0000000084100000, 0x0000000084100000| Untracked 
|  65|0x0000000084100000, 0x0000000084200000, 0x0000000084200000|100%| O|  |TAMS 0x0000000084200000, 0x0000000084200000| Untracked 
|  66|0x0000000084200000, 0x0000000084300000, 0x0000000084300000|100%| O|  |TAMS 0x0000000084300000, 0x0000000084300000| Untracked 
|  67|0x0000000084300000, 0x0000000084400000, 0x0000000084400000|100%| O|  |TAMS 0x0000000084400000, 0x0000000084400000| Untracked 
|  68|0x0000000084400000, 0x0000000084500000, 0x0000000084500000|100%| O|  |TAMS 0x0000000084500000, 0x0000000084500000| Untracked 
|  69|0x0000000084500000, 0x0000000084600000, 0x0000000084600000|100%| O|  |TAMS 0x0000000084600000, 0x0000000084600000| Untracked 
|  70|0x0000000084600000, 0x0000000084700000, 0x0000000084700000|100%| O|  |TAMS 0x0000000084700000, 0x0000000084700000| Untracked 
|  71|0x0000000084700000, 0x0000000084800000, 0x0000000084800000|100%| O|  |TAMS 0x0000000084800000, 0x0000000084800000| Untracked 
|  72|0x0000000084800000, 0x0000000084900000, 0x0000000084900000|100%| O|  |TAMS 0x0000000084900000, 0x0000000084900000| Untracked 
|  73|0x0000000084900000, 0x0000000084a00000, 0x0000000084a00000|100%| O|  |TAMS 0x0000000084a00000, 0x0000000084a00000| Untracked 
|  74|0x0000000084a00000, 0x0000000084b00000, 0x0000000084b00000|100%| O|  |TAMS 0x0000000084b00000, 0x0000000084b00000| Untracked 
|  75|0x0000000084b00000, 0x0000000084c00000, 0x0000000084c00000|100%| O|  |TAMS 0x0000000084c00000, 0x0000000084c00000| Untracked 
|  76|0x0000000084c00000, 0x0000000084d00000, 0x0000000084d00000|100%| O|  |TAMS 0x0000000084d00000, 0x0000000084d00000| Untracked 
|  77|0x0000000084d00000, 0x0000000084e00000, 0x0000000084e00000|100%| O|  |TAMS 0x0000000084e00000, 0x0000000084e00000| Untracked 
|  78|0x0000000084e00000, 0x0000000084f00000, 0x0000000084f00000|100%| O|  |TAMS 0x0000000084f00000, 0x0000000084f00000| Untracked 
|  79|0x0000000084f00000, 0x0000000085000000, 0x0000000085000000|100%| O|  |TAMS 0x0000000085000000, 0x0000000085000000| Untracked 
|  80|0x0000000085000000, 0x0000000085100000, 0x0000000085100000|100%| O|  |TAMS 0x0000000085100000, 0x0000000085100000| Untracked 
|  81|0x0000000085100000, 0x0000000085200000, 0x0000000085200000|100%| O|  |TAMS 0x0000000085200000, 0x0000000085200000| Untracked 
|  82|0x0000000085200000, 0x0000000085300000, 0x0000000085300000|100%| O|  |TAMS 0x0000000085300000, 0x0000000085300000| Untracked 
|  83|0x0000000085300000, 0x0000000085400000, 0x0000000085400000|100%| O|  |TAMS 0x0000000085400000, 0x0000000085400000| Untracked 
|  84|0x0000000085400000, 0x0000000085500000, 0x0000000085500000|100%| O|  |TAMS 0x0000000085500000, 0x0000000085500000| Untracked 
|  85|0x0000000085500000, 0x0000000085500000, 0x0000000085600000|  0%| F|  |TAMS 0x0000000085500000, 0x0000000085500000| Untracked 
|  86|0x0000000085600000, 0x0000000085700000, 0x0000000085700000|100%| O|  |TAMS 0x0000000085700000, 0x0000000085700000| Untracked 
|  87|0x0000000085700000, 0x0000000085700000, 0x0000000085800000|  0%| F|  |TAMS 0x0000000085700000, 0x0000000085700000| Untracked 
|  88|0x0000000085800000, 0x0000000085800000, 0x0000000085900000|  0%| F|  |TAMS 0x0000000085800000, 0x0000000085800000| Untracked 
|  89|0x0000000085900000, 0x0000000085900000, 0x0000000085a00000|  0%| F|  |TAMS 0x0000000085900000, 0x0000000085900000| Untracked 
|  90|0x0000000085a00000, 0x0000000085b00000, 0x0000000085b00000|100%| O|  |TAMS 0x0000000085b00000, 0x0000000085b00000| Untracked 
|  91|0x0000000085b00000, 0x0000000085c00000, 0x0000000085c00000|100%| O|  |TAMS 0x0000000085c00000, 0x0000000085c00000| Untracked 
|  92|0x0000000085c00000, 0x0000000085d00000, 0x0000000085d00000|100%| O|  |TAMS 0x0000000085d00000, 0x0000000085d00000| Untracked 
|  93|0x0000000085d00000, 0x0000000085e00000, 0x0000000085e00000|100%| O|  |TAMS 0x0000000085e00000, 0x0000000085e00000| Untracked 
|  94|0x0000000085e00000, 0x0000000085f00000, 0x0000000085f00000|100%| O|  |TAMS 0x0000000085f00000, 0x0000000085f00000| Untracked 
|  95|0x0000000085f00000, 0x0000000086000000, 0x0000000086000000|100%| O|  |TAMS 0x0000000086000000, 0x0000000086000000| Untracked 
|  96|0x0000000086000000, 0x0000000086100000, 0x0000000086100000|100%| O|  |TAMS 0x0000000086100000, 0x0000000086100000| Untracked 
|  97|0x0000000086100000, 0x0000000086200000, 0x0000000086200000|100%| O|  |TAMS 0x0000000086200000, 0x0000000086200000| Untracked 
|  98|0x0000000086200000, 0x0000000086300000, 0x0000000086300000|100%| O|  |TAMS 0x0000000086300000, 0x0000000086300000| Untracked 
|  99|0x0000000086300000, 0x0000000086400000, 0x0000000086400000|100%| O|  |TAMS 0x0000000086400000, 0x0000000086400000| Untracked 
| 100|0x0000000086400000, 0x0000000086500000, 0x0000000086500000|100%| O|  |TAMS 0x0000000086500000, 0x0000000086500000| Untracked 
| 101|0x0000000086500000, 0x0000000086600000, 0x0000000086600000|100%| O|  |TAMS 0x0000000086600000, 0x0000000086600000| Untracked 
| 102|0x0000000086600000, 0x0000000086700000, 0x0000000086700000|100%| O|  |TAMS 0x0000000086700000, 0x0000000086700000| Untracked 
| 103|0x0000000086700000, 0x0000000086800000, 0x0000000086800000|100%| O|  |TAMS 0x0000000086800000, 0x0000000086800000| Untracked 
| 104|0x0000000086800000, 0x0000000086900000, 0x0000000086900000|100%| O|  |TAMS 0x0000000086900000, 0x0000000086900000| Untracked 
| 105|0x0000000086900000, 0x0000000086a00000, 0x0000000086a00000|100%| O|  |TAMS 0x0000000086a00000, 0x0000000086a00000| Untracked 
| 106|0x0000000086a00000, 0x0000000086b00000, 0x0000000086b00000|100%| O|  |TAMS 0x0000000086b00000, 0x0000000086b00000| Untracked 
| 107|0x0000000086b00000, 0x0000000086c00000, 0x0000000086c00000|100%| O|  |TAMS 0x0000000086c00000, 0x0000000086c00000| Untracked 
| 108|0x0000000086c00000, 0x0000000086d00000, 0x0000000086d00000|100%| O|  |TAMS 0x0000000086d00000, 0x0000000086d00000| Untracked 
| 109|0x0000000086d00000, 0x0000000086e00000, 0x0000000086e00000|100%| O|  |TAMS 0x0000000086e00000, 0x0000000086e00000| Untracked 
| 110|0x0000000086e00000, 0x0000000086f00000, 0x0000000086f00000|100%| O|  |TAMS 0x0000000086f00000, 0x0000000086f00000| Untracked 
| 111|0x0000000086f00000, 0x0000000087000000, 0x0000000087000000|100%| O|  |TAMS 0x0000000087000000, 0x0000000087000000| Untracked 
| 112|0x0000000087000000, 0x0000000087000000, 0x0000000087100000|  0%| F|  |TAMS 0x0000000087000000, 0x0000000087000000| Untracked 
| 113|0x0000000087100000, 0x0000000087200000, 0x0000000087200000|100%| O|  |TAMS 0x0000000087200000, 0x0000000087200000| Untracked 
| 114|0x0000000087200000, 0x0000000087300000, 0x0000000087300000|100%| O|  |TAMS 0x0000000087300000, 0x0000000087300000| Untracked 
| 115|0x0000000087300000, 0x0000000087400000, 0x0000000087400000|100%| O|  |TAMS 0x0000000087400000, 0x0000000087400000| Untracked 
| 116|0x0000000087400000, 0x0000000087500000, 0x0000000087500000|100%| O|  |TAMS 0x0000000087500000, 0x0000000087500000| Untracked 
| 117|0x0000000087500000, 0x0000000087600000, 0x0000000087600000|100%| O|  |TAMS 0x0000000087600000, 0x0000000087600000| Untracked 
| 118|0x0000000087600000, 0x0000000087700000, 0x0000000087700000|100%| O|  |TAMS 0x0000000087700000, 0x0000000087700000| Untracked 
| 119|0x0000000087700000, 0x0000000087800000, 0x0000000087800000|100%| O|  |TAMS 0x0000000087800000, 0x0000000087800000| Untracked 
| 120|0x0000000087800000, 0x0000000087900000, 0x0000000087900000|100%| O|  |TAMS 0x0000000087900000, 0x0000000087900000| Untracked 
| 121|0x0000000087900000, 0x0000000087a00000, 0x0000000087a00000|100%| O|  |TAMS 0x0000000087a00000, 0x0000000087a00000| Untracked 
| 122|0x0000000087a00000, 0x0000000087b00000, 0x0000000087b00000|100%| O|  |TAMS 0x0000000087b00000, 0x0000000087b00000| Untracked 
| 123|0x0000000087b00000, 0x0000000087c00000, 0x0000000087c00000|100%| O|  |TAMS 0x0000000087c00000, 0x0000000087c00000| Untracked 
| 124|0x0000000087c00000, 0x0000000087d00000, 0x0000000087d00000|100%| O|  |TAMS 0x0000000087d00000, 0x0000000087d00000| Untracked 
| 125|0x0000000087d00000, 0x0000000087e00000, 0x0000000087e00000|100%| O|  |TAMS 0x0000000087e00000, 0x0000000087e00000| Untracked 
| 126|0x0000000087e00000, 0x0000000087f00000, 0x0000000087f00000|100%| O|  |TAMS 0x0000000087f00000, 0x0000000087f00000| Untracked 
| 127|0x0000000087f00000, 0x0000000088000000, 0x0000000088000000|100%| O|  |TAMS 0x0000000088000000, 0x0000000088000000| Untracked 
| 128|0x0000000088000000, 0x0000000088100000, 0x0000000088100000|100%| O|  |TAMS 0x0000000088100000, 0x0000000088100000| Untracked 
| 129|0x0000000088100000, 0x0000000088100000, 0x0000000088200000|  0%| F|  |TAMS 0x0000000088100000, 0x0000000088100000| Untracked 
| 130|0x0000000088200000, 0x0000000088300000, 0x0000000088300000|100%|HS|  |TAMS 0x0000000088300000, 0x0000000088300000| Complete 
| 131|0x0000000088300000, 0x0000000088400000, 0x0000000088400000|100%|HC|  |TAMS 0x0000000088400000, 0x0000000088400000| Complete 
| 132|0x0000000088400000, 0x0000000088500000, 0x0000000088500000|100%|HS|  |TAMS 0x0000000088500000, 0x0000000088500000| Complete 
| 133|0x0000000088500000, 0x0000000088600000, 0x0000000088600000|100%|HS|  |TAMS 0x0000000088600000, 0x0000000088600000| Complete 
| 134|0x0000000088600000, 0x0000000088700000, 0x0000000088700000|100%|HS|  |TAMS 0x0000000088700000, 0x0000000088700000| Complete 
| 135|0x0000000088700000, 0x0000000088800000, 0x0000000088800000|100%|HS|  |TAMS 0x0000000088800000, 0x0000000088800000| Complete 
| 136|0x0000000088800000, 0x0000000088900000, 0x0000000088900000|100%|HS|  |TAMS 0x0000000088900000, 0x0000000088900000| Complete 
| 137|0x0000000088900000, 0x0000000088a00000, 0x0000000088a00000|100%|HC|  |TAMS 0x0000000088a00000, 0x0000000088a00000| Complete 
| 138|0x0000000088a00000, 0x0000000088b00000, 0x0000000088b00000|100%|HC|  |TAMS 0x0000000088b00000, 0x0000000088b00000| Complete 
| 139|0x0000000088b00000, 0x0000000088c00000, 0x0000000088c00000|100%|HS|  |TAMS 0x0000000088c00000, 0x0000000088c00000| Complete 
| 140|0x0000000088c00000, 0x0000000088d00000, 0x0000000088d00000|100%|HS|  |TAMS 0x0000000088d00000, 0x0000000088d00000| Complete 
| 141|0x0000000088d00000, 0x0000000088e00000, 0x0000000088e00000|100%|HS|  |TAMS 0x0000000088e00000, 0x0000000088e00000| Complete 
| 142|0x0000000088e00000, 0x0000000088f00000, 0x0000000088f00000|100%|HS|  |TAMS 0x0000000088e00000, 0x0000000088f00000| Complete 
| 143|0x0000000088f00000, 0x0000000089000000, 0x0000000089000000|100%|HS|  |TAMS 0x0000000088f00000, 0x0000000089000000| Complete 
| 144|0x0000000089000000, 0x0000000089100000, 0x0000000089100000|100%| O|  |TAMS 0x0000000089100000, 0x0000000089100000| Untracked 
| 145|0x0000000089100000, 0x0000000089200000, 0x0000000089200000|100%| O|  |TAMS 0x0000000089100000, 0x0000000089200000| Untracked 
| 146|0x0000000089200000, 0x0000000089300000, 0x0000000089300000|100%| O|  |TAMS 0x0000000089300000, 0x0000000089300000| Untracked 
| 147|0x0000000089300000, 0x0000000089400000, 0x0000000089400000|100%| O|  |TAMS 0x0000000089300000, 0x0000000089400000| Untracked 
| 148|0x0000000089400000, 0x0000000089500000, 0x0000000089500000|100%| O|  |TAMS 0x0000000089500000, 0x0000000089500000| Untracked 
| 149|0x0000000089500000, 0x0000000089600000, 0x0000000089600000|100%| O|  |TAMS 0x0000000089500000, 0x0000000089600000| Untracked 
| 150|0x0000000089600000, 0x0000000089700000, 0x0000000089700000|100%| O|  |TAMS 0x0000000089700000, 0x0000000089700000| Untracked 
| 151|0x0000000089700000, 0x0000000089800000, 0x0000000089800000|100%| O|  |TAMS 0x0000000089700000, 0x0000000089800000| Untracked 
| 152|0x0000000089800000, 0x0000000089900000, 0x0000000089900000|100%| O|  |TAMS 0x0000000089900000, 0x0000000089900000| Untracked 
| 153|0x0000000089900000, 0x0000000089a00000, 0x0000000089a00000|100%| O|  |TAMS 0x0000000089a00000, 0x0000000089a00000| Untracked 
| 154|0x0000000089a00000, 0x0000000089b00000, 0x0000000089b00000|100%| O|  |TAMS 0x0000000089b00000, 0x0000000089b00000| Untracked 
| 155|0x0000000089b00000, 0x0000000089c00000, 0x0000000089c00000|100%|HS|  |TAMS 0x0000000089b00000, 0x0000000089c00000| Complete 
| 156|0x0000000089c00000, 0x0000000089d00000, 0x0000000089d00000|100%|HC|  |TAMS 0x0000000089c00000, 0x0000000089d00000| Complete 
| 157|0x0000000089d00000, 0x0000000089e00000, 0x0000000089e00000|100%| O|  |TAMS 0x0000000089d00000, 0x0000000089e00000| Untracked 
| 158|0x0000000089e00000, 0x0000000089f00000, 0x0000000089f00000|100%| O|  |TAMS 0x0000000089f00000, 0x0000000089f00000| Untracked 
| 159|0x0000000089f00000, 0x000000008a000000, 0x000000008a000000|100%| O|  |TAMS 0x0000000089f00000, 0x000000008a000000| Untracked 
| 160|0x000000008a000000, 0x000000008a100000, 0x000000008a100000|100%| O|  |TAMS 0x000000008a100000, 0x000000008a100000| Untracked 
| 161|0x000000008a100000, 0x000000008a200000, 0x000000008a200000|100%| O|  |TAMS 0x000000008a200000, 0x000000008a200000| Untracked 
| 162|0x000000008a200000, 0x000000008a300000, 0x000000008a300000|100%| O|  |TAMS 0x000000008a300000, 0x000000008a300000| Untracked 
| 163|0x000000008a300000, 0x000000008a400000, 0x000000008a400000|100%| O|  |TAMS 0x000000008a400000, 0x000000008a400000| Untracked 
| 164|0x000000008a400000, 0x000000008a500000, 0x000000008a500000|100%| O|  |TAMS 0x000000008a500000, 0x000000008a500000| Untracked 
| 165|0x000000008a500000, 0x000000008a600000, 0x000000008a600000|100%| O|  |TAMS 0x000000008a600000, 0x000000008a600000| Untracked 
| 166|0x000000008a600000, 0x000000008a700000, 0x000000008a700000|100%| O|  |TAMS 0x000000008a700000, 0x000000008a700000| Untracked 
| 167|0x000000008a700000, 0x000000008a800000, 0x000000008a800000|100%| O|  |TAMS 0x000000008a800000, 0x000000008a800000| Untracked 
| 168|0x000000008a800000, 0x000000008a900000, 0x000000008a900000|100%| O|  |TAMS 0x000000008a900000, 0x000000008a900000| Untracked 
| 169|0x000000008a900000, 0x000000008aa00000, 0x000000008aa00000|100%| O|  |TAMS 0x000000008aa00000, 0x000000008aa00000| Untracked 
| 170|0x000000008aa00000, 0x000000008ab00000, 0x000000008ab00000|100%| O|  |TAMS 0x000000008ab00000, 0x000000008ab00000| Untracked 
| 171|0x000000008ab00000, 0x000000008ac00000, 0x000000008ac00000|100%| O|  |TAMS 0x000000008ac00000, 0x000000008ac00000| Untracked 
| 172|0x000000008ac00000, 0x000000008ad00000, 0x000000008ad00000|100%| O|  |TAMS 0x000000008ad00000, 0x000000008ad00000| Untracked 
| 173|0x000000008ad00000, 0x000000008ae00000, 0x000000008ae00000|100%| O|  |TAMS 0x000000008ae00000, 0x000000008ae00000| Untracked 
| 174|0x000000008ae00000, 0x000000008af00000, 0x000000008af00000|100%| O|  |TAMS 0x000000008af00000, 0x000000008af00000| Untracked 
| 175|0x000000008af00000, 0x000000008b000000, 0x000000008b000000|100%| O|  |TAMS 0x000000008b000000, 0x000000008b000000| Untracked 
| 176|0x000000008b000000, 0x000000008b100000, 0x000000008b100000|100%| O|  |TAMS 0x000000008b100000, 0x000000008b100000| Untracked 
| 177|0x000000008b100000, 0x000000008b200000, 0x000000008b200000|100%| O|  |TAMS 0x000000008b200000, 0x000000008b200000| Untracked 
| 178|0x000000008b200000, 0x000000008b300000, 0x000000008b300000|100%| O|  |TAMS 0x000000008b300000, 0x000000008b300000| Untracked 
| 179|0x000000008b300000, 0x000000008b400000, 0x000000008b400000|100%| O|  |TAMS 0x000000008b400000, 0x000000008b400000| Untracked 
| 180|0x000000008b400000, 0x000000008b500000, 0x000000008b500000|100%| O|  |TAMS 0x000000008b500000, 0x000000008b500000| Untracked 
| 181|0x000000008b500000, 0x000000008b600000, 0x000000008b600000|100%| O|  |TAMS 0x000000008b600000, 0x000000008b600000| Untracked 
| 182|0x000000008b600000, 0x000000008b700000, 0x000000008b700000|100%| O|  |TAMS 0x000000008b700000, 0x000000008b700000| Untracked 
| 183|0x000000008b700000, 0x000000008b700000, 0x000000008b800000|  0%| F|  |TAMS 0x000000008b700000, 0x000000008b700000| Untracked 
| 184|0x000000008b800000, 0x000000008b900000, 0x000000008b900000|100%| O|  |TAMS 0x000000008b900000, 0x000000008b900000| Untracked 
| 185|0x000000008b900000, 0x000000008ba00000, 0x000000008ba00000|100%| O|  |TAMS 0x000000008ba00000, 0x000000008ba00000| Untracked 
| 186|0x000000008ba00000, 0x000000008bb00000, 0x000000008bb00000|100%| O|  |TAMS 0x000000008bb00000, 0x000000008bb00000| Untracked 
| 187|0x000000008bb00000, 0x000000008bc00000, 0x000000008bc00000|100%| O|  |TAMS 0x000000008bc00000, 0x000000008bc00000| Untracked 
| 188|0x000000008bc00000, 0x000000008bd00000, 0x000000008bd00000|100%| O|  |TAMS 0x000000008bd00000, 0x000000008bd00000| Untracked 
| 189|0x000000008bd00000, 0x000000008be00000, 0x000000008be00000|100%| O|  |TAMS 0x000000008be00000, 0x000000008be00000| Untracked 
| 190|0x000000008be00000, 0x000000008bf00000, 0x000000008bf00000|100%| O|  |TAMS 0x000000008bf00000, 0x000000008bf00000| Untracked 
| 191|0x000000008bf00000, 0x000000008c000000, 0x000000008c000000|100%| O|  |TAMS 0x000000008c000000, 0x000000008c000000| Untracked 
| 192|0x000000008c000000, 0x000000008c100000, 0x000000008c100000|100%| O|  |TAMS 0x000000008c100000, 0x000000008c100000| Untracked 
| 193|0x000000008c100000, 0x000000008c200000, 0x000000008c200000|100%| O|  |TAMS 0x000000008c200000, 0x000000008c200000| Untracked 
| 194|0x000000008c200000, 0x000000008c300000, 0x000000008c300000|100%| O|  |TAMS 0x000000008c300000, 0x000000008c300000| Untracked 
| 195|0x000000008c300000, 0x000000008c400000, 0x000000008c400000|100%| O|  |TAMS 0x000000008c400000, 0x000000008c400000| Untracked 
| 196|0x000000008c400000, 0x000000008c500000, 0x000000008c500000|100%| O|  |TAMS 0x000000008c500000, 0x000000008c500000| Untracked 
| 197|0x000000008c500000, 0x000000008c600000, 0x000000008c600000|100%| O|  |TAMS 0x000000008c600000, 0x000000008c600000| Untracked 
| 198|0x000000008c600000, 0x000000008c700000, 0x000000008c700000|100%| O|  |TAMS 0x000000008c64b200, 0x000000008c700000| Untracked 
| 199|0x000000008c700000, 0x000000008c800000, 0x000000008c800000|100%| O|  |TAMS 0x000000008c800000, 0x000000008c800000| Untracked 
| 200|0x000000008c800000, 0x000000008c900000, 0x000000008c900000|100%| O|  |TAMS 0x000000008c900000, 0x000000008c900000| Untracked 
| 201|0x000000008c900000, 0x000000008ca00000, 0x000000008ca00000|100%| O|  |TAMS 0x000000008ca00000, 0x000000008ca00000| Untracked 
| 202|0x000000008ca00000, 0x000000008cb00000, 0x000000008cb00000|100%| O|  |TAMS 0x000000008cb00000, 0x000000008cb00000| Untracked 
| 203|0x000000008cb00000, 0x000000008cc00000, 0x000000008cc00000|100%| O|  |TAMS 0x000000008cc00000, 0x000000008cc00000| Untracked 
| 204|0x000000008cc00000, 0x000000008cd00000, 0x000000008cd00000|100%| O|  |TAMS 0x000000008cd00000, 0x000000008cd00000| Untracked 
| 205|0x000000008cd00000, 0x000000008ce00000, 0x000000008ce00000|100%| O|  |TAMS 0x000000008ce00000, 0x000000008ce00000| Untracked 
| 206|0x000000008ce00000, 0x000000008cf00000, 0x000000008cf00000|100%| O|  |TAMS 0x000000008cf00000, 0x000000008cf00000| Untracked 
| 207|0x000000008cf00000, 0x000000008cf00000, 0x000000008d000000|  0%| F|  |TAMS 0x000000008cf00000, 0x000000008cf00000| Untracked 
| 208|0x000000008d000000, 0x000000008d100000, 0x000000008d100000|100%| O|  |TAMS 0x000000008d100000, 0x000000008d100000| Untracked 
| 209|0x000000008d100000, 0x000000008d200000, 0x000000008d200000|100%| O|  |TAMS 0x000000008d200000, 0x000000008d200000| Untracked 
| 210|0x000000008d200000, 0x000000008d300000, 0x000000008d300000|100%| O|  |TAMS 0x000000008d300000, 0x000000008d300000| Untracked 
| 211|0x000000008d300000, 0x000000008d400000, 0x000000008d400000|100%| O|  |TAMS 0x000000008d400000, 0x000000008d400000| Untracked 
| 212|0x000000008d400000, 0x000000008d500000, 0x000000008d500000|100%| O|  |TAMS 0x000000008d500000, 0x000000008d500000| Untracked 
| 213|0x000000008d500000, 0x000000008d500000, 0x000000008d600000|  0%| F|  |TAMS 0x000000008d500000, 0x000000008d500000| Untracked 
| 214|0x000000008d600000, 0x000000008d600000, 0x000000008d700000|  0%| F|  |TAMS 0x000000008d600000, 0x000000008d600000| Untracked 
| 215|0x000000008d700000, 0x000000008d800000, 0x000000008d800000|100%| O|  |TAMS 0x000000008d800000, 0x000000008d800000| Untracked 
| 216|0x000000008d800000, 0x000000008d900000, 0x000000008d900000|100%| O|  |TAMS 0x000000008d900000, 0x000000008d900000| Untracked 
| 217|0x000000008d900000, 0x000000008da00000, 0x000000008da00000|100%| O|  |TAMS 0x000000008da00000, 0x000000008da00000| Untracked 
| 218|0x000000008da00000, 0x000000008db00000, 0x000000008db00000|100%| O|  |TAMS 0x000000008db00000, 0x000000008db00000| Untracked 
| 219|0x000000008db00000, 0x000000008db00000, 0x000000008dc00000|  0%| F|  |TAMS 0x000000008db00000, 0x000000008db00000| Untracked 
| 220|0x000000008dc00000, 0x000000008dd00000, 0x000000008dd00000|100%| O|  |TAMS 0x000000008dd00000, 0x000000008dd00000| Untracked 
| 221|0x000000008dd00000, 0x000000008de00000, 0x000000008de00000|100%| O|  |TAMS 0x000000008de00000, 0x000000008de00000| Untracked 
| 222|0x000000008de00000, 0x000000008df00000, 0x000000008df00000|100%| O|  |TAMS 0x000000008df00000, 0x000000008df00000| Untracked 
| 223|0x000000008df00000, 0x000000008e000000, 0x000000008e000000|100%| O|  |TAMS 0x000000008e000000, 0x000000008e000000| Untracked 
| 224|0x000000008e000000, 0x000000008e100000, 0x000000008e100000|100%| O|  |TAMS 0x000000008e100000, 0x000000008e100000| Untracked 
| 225|0x000000008e100000, 0x000000008e100000, 0x000000008e200000|  0%| F|  |TAMS 0x000000008e100000, 0x000000008e100000| Untracked 
| 226|0x000000008e200000, 0x000000008e300000, 0x000000008e300000|100%| O|  |TAMS 0x000000008e300000, 0x000000008e300000| Untracked 
| 227|0x000000008e300000, 0x000000008e400000, 0x000000008e400000|100%| O|  |TAMS 0x000000008e400000, 0x000000008e400000| Untracked 
| 228|0x000000008e400000, 0x000000008e500000, 0x000000008e500000|100%| O|  |TAMS 0x000000008e500000, 0x000000008e500000| Untracked 
| 229|0x000000008e500000, 0x000000008e600000, 0x000000008e600000|100%| O|  |TAMS 0x000000008e600000, 0x000000008e600000| Untracked 
| 230|0x000000008e600000, 0x000000008e700000, 0x000000008e700000|100%| O|  |TAMS 0x000000008e700000, 0x000000008e700000| Untracked 
| 231|0x000000008e700000, 0x000000008e800000, 0x000000008e800000|100%|HS|  |TAMS 0x000000008e700000, 0x000000008e800000| Complete 
| 232|0x000000008e800000, 0x000000008e900000, 0x000000008e900000|100%|HC|  |TAMS 0x000000008e800000, 0x000000008e900000| Complete 
| 233|0x000000008e900000, 0x000000008ea00000, 0x000000008ea00000|100%| O|  |TAMS 0x000000008e900000, 0x000000008ea00000| Untracked 
| 234|0x000000008ea00000, 0x000000008eb00000, 0x000000008eb00000|100%| O|  |TAMS 0x000000008ea00000, 0x000000008eb00000| Untracked 
| 235|0x000000008eb00000, 0x000000008ec00000, 0x000000008ec00000|100%| O|  |TAMS 0x000000008eb00000, 0x000000008ec00000| Untracked 
| 236|0x000000008ec00000, 0x000000008ed00000, 0x000000008ed00000|100%| O|  |TAMS 0x000000008ec00000, 0x000000008ed00000| Untracked 
| 237|0x000000008ed00000, 0x000000008ee00000, 0x000000008ee00000|100%| O|  |TAMS 0x000000008ed00000, 0x000000008ee00000| Untracked 
| 238|0x000000008ee00000, 0x000000008ee1c400, 0x000000008ef00000| 11%| O|  |TAMS 0x000000008ee00000, 0x000000008ee1c400| Untracked 
| 239|0x000000008ef00000, 0x000000008ef00000, 0x000000008f000000|  0%| F|  |TAMS 0x000000008ef00000, 0x000000008ef00000| Untracked 
| 240|0x000000008f000000, 0x000000008f000000, 0x000000008f100000|  0%| F|  |TAMS 0x000000008f000000, 0x000000008f000000| Untracked 
| 241|0x000000008f100000, 0x000000008f100000, 0x000000008f200000|  0%| F|  |TAMS 0x000000008f100000, 0x000000008f100000| Untracked 
| 242|0x000000008f200000, 0x000000008f200000, 0x000000008f300000|  0%| F|  |TAMS 0x000000008f200000, 0x000000008f200000| Untracked 
| 243|0x000000008f300000, 0x000000008f300000, 0x000000008f400000|  0%| F|  |TAMS 0x000000008f300000, 0x000000008f300000| Untracked 
| 244|0x000000008f400000, 0x000000008f400000, 0x000000008f500000|  0%| F|  |TAMS 0x000000008f400000, 0x000000008f400000| Untracked 
| 245|0x000000008f500000, 0x000000008f500000, 0x000000008f600000|  0%| F|  |TAMS 0x000000008f500000, 0x000000008f500000| Untracked 
| 246|0x000000008f600000, 0x000000008f600000, 0x000000008f700000|  0%| F|  |TAMS 0x000000008f600000, 0x000000008f600000| Untracked 
| 247|0x000000008f700000, 0x000000008f700000, 0x000000008f800000|  0%| F|  |TAMS 0x000000008f700000, 0x000000008f700000| Untracked 
| 248|0x000000008f800000, 0x000000008f800000, 0x000000008f900000|  0%| F|  |TAMS 0x000000008f800000, 0x000000008f800000| Untracked 
| 249|0x000000008f900000, 0x000000008f900000, 0x000000008fa00000|  0%| F|  |TAMS 0x000000008f900000, 0x000000008f900000| Untracked 
| 250|0x000000008fa00000, 0x000000008fa00000, 0x000000008fb00000|  0%| F|  |TAMS 0x000000008fa00000, 0x000000008fa00000| Untracked 
| 251|0x000000008fb00000, 0x000000008fb00000, 0x000000008fc00000|  0%| F|  |TAMS 0x000000008fb00000, 0x000000008fb00000| Untracked 
| 252|0x000000008fc00000, 0x000000008fc00000, 0x000000008fd00000|  0%| F|  |TAMS 0x000000008fc00000, 0x000000008fc00000| Untracked 
| 253|0x000000008fd00000, 0x000000008fd00000, 0x000000008fe00000|  0%| F|  |TAMS 0x000000008fd00000, 0x000000008fd00000| Untracked 
| 254|0x000000008fe00000, 0x000000008fe00000, 0x000000008ff00000|  0%| F|  |TAMS 0x000000008fe00000, 0x000000008fe00000| Untracked 
| 255|0x000000008ff00000, 0x000000008ff00000, 0x0000000090000000|  0%| F|  |TAMS 0x000000008ff00000, 0x000000008ff00000| Untracked 
| 256|0x0000000090000000, 0x0000000090000000, 0x0000000090100000|  0%| F|  |TAMS 0x0000000090000000, 0x0000000090000000| Untracked 
| 257|0x0000000090100000, 0x0000000090100000, 0x0000000090200000|  0%| F|  |TAMS 0x0000000090100000, 0x0000000090100000| Untracked 
| 258|0x0000000090200000, 0x0000000090200000, 0x0000000090300000|  0%| F|  |TAMS 0x0000000090200000, 0x0000000090200000| Untracked 
| 259|0x0000000090300000, 0x0000000090300000, 0x0000000090400000|  0%| F|  |TAMS 0x0000000090300000, 0x0000000090300000| Untracked 
| 260|0x0000000090400000, 0x0000000090400000, 0x0000000090500000|  0%| F|  |TAMS 0x0000000090400000, 0x0000000090400000| Untracked 
| 261|0x0000000090500000, 0x0000000090500000, 0x0000000090600000|  0%| F|  |TAMS 0x0000000090500000, 0x0000000090500000| Untracked 
| 262|0x0000000090600000, 0x0000000090600000, 0x0000000090700000|  0%| F|  |TAMS 0x0000000090600000, 0x0000000090600000| Untracked 
| 263|0x0000000090700000, 0x0000000090700000, 0x0000000090800000|  0%| F|  |TAMS 0x0000000090700000, 0x0000000090700000| Untracked 
| 264|0x0000000090800000, 0x0000000090800000, 0x0000000090900000|  0%| F|  |TAMS 0x0000000090800000, 0x0000000090800000| Untracked 
| 265|0x0000000090900000, 0x0000000090900000, 0x0000000090a00000|  0%| F|  |TAMS 0x0000000090900000, 0x0000000090900000| Untracked 
| 266|0x0000000090a00000, 0x0000000090a00000, 0x0000000090b00000|  0%| F|  |TAMS 0x0000000090a00000, 0x0000000090a00000| Untracked 
| 267|0x0000000090b00000, 0x0000000090b00000, 0x0000000090c00000|  0%| F|  |TAMS 0x0000000090b00000, 0x0000000090b00000| Untracked 
| 268|0x0000000090c00000, 0x0000000090c00000, 0x0000000090d00000|  0%| F|  |TAMS 0x0000000090c00000, 0x0000000090c00000| Untracked 
| 269|0x0000000090d00000, 0x0000000090d00000, 0x0000000090e00000|  0%| F|  |TAMS 0x0000000090d00000, 0x0000000090d00000| Untracked 
| 270|0x0000000090e00000, 0x0000000090e00000, 0x0000000090f00000|  0%| F|  |TAMS 0x0000000090e00000, 0x0000000090e00000| Untracked 
| 271|0x0000000090f00000, 0x0000000090f00000, 0x0000000091000000|  0%| F|  |TAMS 0x0000000090f00000, 0x0000000090f00000| Untracked 
| 272|0x0000000091000000, 0x0000000091000000, 0x0000000091100000|  0%| F|  |TAMS 0x0000000091000000, 0x0000000091000000| Untracked 
| 273|0x0000000091100000, 0x0000000091100000, 0x0000000091200000|  0%| F|  |TAMS 0x0000000091100000, 0x0000000091100000| Untracked 
| 274|0x0000000091200000, 0x0000000091200000, 0x0000000091300000|  0%| F|  |TAMS 0x0000000091200000, 0x0000000091200000| Untracked 
| 275|0x0000000091300000, 0x0000000091300000, 0x0000000091400000|  0%| F|  |TAMS 0x0000000091300000, 0x0000000091300000| Untracked 
| 276|0x0000000091400000, 0x0000000091400000, 0x0000000091500000|  0%| F|  |TAMS 0x0000000091400000, 0x0000000091400000| Untracked 
| 277|0x0000000091500000, 0x0000000091500000, 0x0000000091600000|  0%| F|  |TAMS 0x0000000091500000, 0x0000000091500000| Untracked 
| 278|0x0000000091600000, 0x0000000091600000, 0x0000000091700000|  0%| F|  |TAMS 0x0000000091600000, 0x0000000091600000| Untracked 
| 279|0x0000000091700000, 0x0000000091700000, 0x0000000091800000|  0%| F|  |TAMS 0x0000000091700000, 0x0000000091700000| Untracked 
| 280|0x0000000091800000, 0x0000000091800000, 0x0000000091900000|  0%| F|  |TAMS 0x0000000091800000, 0x0000000091800000| Untracked 
| 281|0x0000000091900000, 0x0000000091900000, 0x0000000091a00000|  0%| F|  |TAMS 0x0000000091900000, 0x0000000091900000| Untracked 
| 282|0x0000000091a00000, 0x0000000091a00000, 0x0000000091b00000|  0%| F|  |TAMS 0x0000000091a00000, 0x0000000091a00000| Untracked 
| 283|0x0000000091b00000, 0x0000000091b00000, 0x0000000091c00000|  0%| F|  |TAMS 0x0000000091b00000, 0x0000000091b00000| Untracked 
| 284|0x0000000091c00000, 0x0000000091c00000, 0x0000000091d00000|  0%| F|  |TAMS 0x0000000091c00000, 0x0000000091c00000| Untracked 
| 285|0x0000000091d00000, 0x0000000091d00000, 0x0000000091e00000|  0%| F|  |TAMS 0x0000000091d00000, 0x0000000091d00000| Untracked 
| 286|0x0000000091e00000, 0x0000000091e00000, 0x0000000091f00000|  0%| F|  |TAMS 0x0000000091e00000, 0x0000000091e00000| Untracked 
| 287|0x0000000091f00000, 0x0000000091f00000, 0x0000000092000000|  0%| F|  |TAMS 0x0000000091f00000, 0x0000000091f00000| Untracked 
| 288|0x0000000092000000, 0x0000000092000000, 0x0000000092100000|  0%| F|  |TAMS 0x0000000092000000, 0x0000000092000000| Untracked 
| 289|0x0000000092100000, 0x0000000092100000, 0x0000000092200000|  0%| F|  |TAMS 0x0000000092100000, 0x0000000092100000| Untracked 
| 290|0x0000000092200000, 0x0000000092200000, 0x0000000092300000|  0%| F|  |TAMS 0x0000000092200000, 0x0000000092200000| Untracked 
| 291|0x0000000092300000, 0x0000000092300000, 0x0000000092400000|  0%| F|  |TAMS 0x0000000092300000, 0x0000000092300000| Untracked 
| 292|0x0000000092400000, 0x0000000092400000, 0x0000000092500000|  0%| F|  |TAMS 0x0000000092400000, 0x0000000092400000| Untracked 
| 293|0x0000000092500000, 0x0000000092500000, 0x0000000092600000|  0%| F|  |TAMS 0x0000000092500000, 0x0000000092500000| Untracked 
| 294|0x0000000092600000, 0x0000000092600000, 0x0000000092700000|  0%| F|  |TAMS 0x0000000092600000, 0x0000000092600000| Untracked 
| 295|0x0000000092700000, 0x0000000092700000, 0x0000000092800000|  0%| F|  |TAMS 0x0000000092700000, 0x0000000092700000| Untracked 
| 296|0x0000000092800000, 0x0000000092800000, 0x0000000092900000|  0%| F|  |TAMS 0x0000000092800000, 0x0000000092800000| Untracked 
| 297|0x0000000092900000, 0x0000000092900000, 0x0000000092a00000|  0%| F|  |TAMS 0x0000000092900000, 0x0000000092900000| Untracked 
| 298|0x0000000092a00000, 0x0000000092a00000, 0x0000000092b00000|  0%| F|  |TAMS 0x0000000092a00000, 0x0000000092a00000| Untracked 
| 299|0x0000000092b00000, 0x0000000092b00000, 0x0000000092c00000|  0%| F|  |TAMS 0x0000000092b00000, 0x0000000092b00000| Untracked 
| 300|0x0000000092c00000, 0x0000000092c00000, 0x0000000092d00000|  0%| F|  |TAMS 0x0000000092c00000, 0x0000000092c00000| Untracked 
| 301|0x0000000092d00000, 0x0000000092d00000, 0x0000000092e00000|  0%| F|  |TAMS 0x0000000092d00000, 0x0000000092d00000| Untracked 
| 302|0x0000000092e00000, 0x0000000092e00000, 0x0000000092f00000|  0%| F|  |TAMS 0x0000000092e00000, 0x0000000092e00000| Untracked 
| 303|0x0000000092f00000, 0x0000000092f00000, 0x0000000093000000|  0%| F|  |TAMS 0x0000000092f00000, 0x0000000092f00000| Untracked 
| 304|0x0000000093000000, 0x0000000093000000, 0x0000000093100000|  0%| F|  |TAMS 0x0000000093000000, 0x0000000093000000| Untracked 
| 305|0x0000000093100000, 0x0000000093100000, 0x0000000093200000|  0%| F|  |TAMS 0x0000000093100000, 0x0000000093100000| Untracked 
| 306|0x0000000093200000, 0x0000000093200000, 0x0000000093300000|  0%| F|  |TAMS 0x0000000093200000, 0x0000000093200000| Untracked 
| 307|0x0000000093300000, 0x0000000093300000, 0x0000000093400000|  0%| F|  |TAMS 0x0000000093300000, 0x0000000093300000| Untracked 
| 308|0x0000000093400000, 0x0000000093400000, 0x0000000093500000|  0%| F|  |TAMS 0x0000000093400000, 0x0000000093400000| Untracked 
| 309|0x0000000093500000, 0x0000000093500000, 0x0000000093600000|  0%| F|  |TAMS 0x0000000093500000, 0x0000000093500000| Untracked 
| 310|0x0000000093600000, 0x0000000093600000, 0x0000000093700000|  0%| F|  |TAMS 0x0000000093600000, 0x0000000093600000| Untracked 
| 311|0x0000000093700000, 0x0000000093700000, 0x0000000093800000|  0%| F|  |TAMS 0x0000000093700000, 0x0000000093700000| Untracked 
| 312|0x0000000093800000, 0x0000000093800000, 0x0000000093900000|  0%| F|  |TAMS 0x0000000093800000, 0x0000000093800000| Untracked 
| 313|0x0000000093900000, 0x0000000093900000, 0x0000000093a00000|  0%| F|  |TAMS 0x0000000093900000, 0x0000000093900000| Untracked 
| 314|0x0000000093a00000, 0x0000000093a00000, 0x0000000093b00000|  0%| F|  |TAMS 0x0000000093a00000, 0x0000000093a00000| Untracked 
| 315|0x0000000093b00000, 0x0000000093b00000, 0x0000000093c00000|  0%| F|  |TAMS 0x0000000093b00000, 0x0000000093b00000| Untracked 
| 316|0x0000000093c00000, 0x0000000093c00000, 0x0000000093d00000|  0%| F|  |TAMS 0x0000000093c00000, 0x0000000093c00000| Untracked 
| 317|0x0000000093d00000, 0x0000000093d00000, 0x0000000093e00000|  0%| F|  |TAMS 0x0000000093d00000, 0x0000000093d00000| Untracked 
| 318|0x0000000093e00000, 0x0000000093e00000, 0x0000000093f00000|  0%| F|  |TAMS 0x0000000093e00000, 0x0000000093e00000| Untracked 
| 319|0x0000000093f00000, 0x0000000093f00000, 0x0000000094000000|  0%| F|  |TAMS 0x0000000093f00000, 0x0000000093f00000| Untracked 
| 320|0x0000000094000000, 0x0000000094000000, 0x0000000094100000|  0%| F|  |TAMS 0x0000000094000000, 0x0000000094000000| Untracked 
| 321|0x0000000094100000, 0x0000000094100000, 0x0000000094200000|  0%| F|  |TAMS 0x0000000094100000, 0x0000000094100000| Untracked 
| 322|0x0000000094200000, 0x0000000094200000, 0x0000000094300000|  0%| F|  |TAMS 0x0000000094200000, 0x0000000094200000| Untracked 
| 323|0x0000000094300000, 0x0000000094300000, 0x0000000094400000|  0%| F|  |TAMS 0x0000000094300000, 0x0000000094300000| Untracked 
| 324|0x0000000094400000, 0x0000000094400000, 0x0000000094500000|  0%| F|  |TAMS 0x0000000094400000, 0x0000000094400000| Untracked 
| 325|0x0000000094500000, 0x0000000094500000, 0x0000000094600000|  0%| F|  |TAMS 0x0000000094500000, 0x0000000094500000| Untracked 
| 326|0x0000000094600000, 0x0000000094600000, 0x0000000094700000|  0%| F|  |TAMS 0x0000000094600000, 0x0000000094600000| Untracked 
| 327|0x0000000094700000, 0x0000000094800000, 0x0000000094800000|100%| S|CS|TAMS 0x0000000094700000, 0x0000000094700000| Complete 
| 328|0x0000000094800000, 0x0000000094900000, 0x0000000094900000|100%| S|CS|TAMS 0x0000000094800000, 0x0000000094800000| Complete 
| 329|0x0000000094900000, 0x0000000094900000, 0x0000000094a00000|  0%| F|  |TAMS 0x0000000094900000, 0x0000000094900000| Untracked 
| 330|0x0000000094a00000, 0x0000000094a00000, 0x0000000094b00000|  0%| F|  |TAMS 0x0000000094a00000, 0x0000000094a00000| Untracked 
| 331|0x0000000094b00000, 0x0000000094b00000, 0x0000000094c00000|  0%| F|  |TAMS 0x0000000094b00000, 0x0000000094b00000| Untracked 
| 332|0x0000000094c00000, 0x0000000094c00000, 0x0000000094d00000|  0%| F|  |TAMS 0x0000000094c00000, 0x0000000094c00000| Untracked 
| 333|0x0000000094d00000, 0x0000000094d00000, 0x0000000094e00000|  0%| F|  |TAMS 0x0000000094d00000, 0x0000000094d00000| Untracked 
| 334|0x0000000094e00000, 0x0000000094e00000, 0x0000000094f00000|  0%| F|  |TAMS 0x0000000094e00000, 0x0000000094e00000| Untracked 
| 335|0x0000000094f00000, 0x0000000094f00000, 0x0000000095000000|  0%| F|  |TAMS 0x0000000094f00000, 0x0000000094f00000| Untracked 
| 336|0x0000000095000000, 0x0000000095000000, 0x0000000095100000|  0%| F|  |TAMS 0x0000000095000000, 0x0000000095000000| Untracked 

Card table byte_map: [0x00000295cdae0000,0x00000295cdee0000] _byte_map_base: 0x00000295cd6e0000

Marking Bits (Prev, Next): (CMBitMap*) 0x00000295ba6ceea8, (CMBitMap*) 0x00000295ba6ceee0
 Prev Bits: [0x00000295ce2e0000, 0x00000295d02e0000)
 Next Bits: [0x00000295d02e0000, 0x00000295d22e0000)

Polling page: 0x00000295b84c0000

Metaspace:

Usage:
  Non-class:    116.52 MB capacity,   114.00 MB ( 98%) used,     2.07 MB (  2%) free+waste,   464.75 KB ( <1%) overhead. 
      Class:     18.58 MB capacity,    17.10 MB ( 92%) used,     1.26 MB (  7%) free+waste,   211.69 KB (  1%) overhead. 
       Both:    135.09 MB capacity,   131.10 MB ( 97%) used,     3.33 MB (  2%) free+waste,   676.44 KB ( <1%) overhead. 

Virtual space:
  Non-class space:      118.00 MB reserved,     117.75 MB (>99%) committed 
      Class space:        1.00 GB reserved,      19.32 MB (  2%) committed 
             Both:        1.12 GB reserved,     137.07 MB ( 12%) committed 

Chunk freelists:
   Non-Class:  1.11 MB
       Class:  691.00 KB
        Both:  1.78 MB

MaxMetaspaceSize: 17179869184.00 GB
CompressedClassSpaceSize: 1.00 GB

CodeHeap 'non-profiled nmethods': size=120000Kb used=10994Kb max_used=11380Kb free=109005Kb
 bounds [0x00000295c5c50000, 0x00000295c6780000, 0x00000295cd180000]
CodeHeap 'profiled nmethods': size=120000Kb used=36714Kb max_used=38207Kb free=83285Kb
 bounds [0x00000295be720000, 0x00000295c0c70000, 0x00000295c5c50000]
CodeHeap 'non-nmethods': size=5760Kb used=2385Kb max_used=2452Kb free=3374Kb
 bounds [0x00000295be180000, 0x00000295be3f0000, 0x00000295be720000]
 total_blobs=18613 nmethods=17590 adapters=933
 compilation: enabled
              stopped_count=0, restarted_count=0
 full_count=0

Compilation events (20 events):
Event: 216.771 Thread 0x00000295d5832000 18623 %     3       com.android.tools.r8.graph.S::a @ 19 (48 bytes)
Event: 216.771 Thread 0x00000295d5832000 nmethod 18623% 0x00000295be818a10 code [0x00000295be818c40, 0x00000295be819408]
Event: 216.772 Thread 0x00000295d5832000 18625       3       com.android.tools.r8.graph.S::a (48 bytes)
Event: 216.772 Thread 0x00000295d5832000 nmethod 18625 0x00000295be81be10 code [0x00000295be81c040, 0x00000295be81c828]
Event: 216.773 Thread 0x00000295d5832000 18626       2       com.android.tools.r8.graph.f0$o::o0 (1 bytes)
Event: 216.773 Thread 0x00000295d5832000 nmethod 18626 0x00000295be816f90 code [0x00000295be817140, 0x00000295be817238]
Event: 216.776 Thread 0x00000295d5832000 18627       2       com.android.tools.r8.graph.f0$i::o0 (1 bytes)
Event: 216.776 Thread 0x00000295d5832000 nmethod 18627 0x00000295be816c10 code [0x00000295be816dc0, 0x00000295be816eb8]
Event: 216.782 Thread 0x00000295de51e000 nmethod 18579 0x00000295c5d8b310 code [0x00000295c5d8b560, 0x00000295c5d8d260]
Event: 216.782 Thread 0x00000295de51e000 18632       4       com.android.tools.r8.graph.M::G (102 bytes)
Event: 216.789 Thread 0x00000295d5832000 18637       2       com.android.tools.r8.graph.f0$c::o0 (8 bytes)
Event: 216.790 Thread 0x00000295d5832000 nmethod 18637 0x00000295be818690 code [0x00000295be818840, 0x00000295be818968]
Event: 216.808 Thread 0x00000295de522800 nmethod 18587 0x00000295c5d87c10 code [0x00000295c5d87e80, 0x00000295c5d8a120]
Event: 216.808 Thread 0x00000295de522800 18636       4       com.android.tools.r8.graph.f0$d::o0 (28 bytes)
Event: 216.809 Thread 0x00000295de522800 nmethod 18636 0x00000295c5d2a390 code [0x00000295c5d2a520, 0x00000295c5d2a618]
Event: 216.809 Thread 0x00000295de522800 18629       4       com.android.tools.r8.graph.S::a (48 bytes)
Event: 216.811 Thread 0x00000295de522800 nmethod 18629 0x00000295c5d2fb90 code [0x00000295c5d2fd20, 0x00000295c5d2fe18]
Event: 216.811 Thread 0x00000295de522800 18621       4       com.android.tools.r8.graph.u::a (95 bytes)
Event: 216.824 Thread 0x00000295de522800 nmethod 18621 0x00000295c5d4ad10 code [0x00000295c5d4af40, 0x00000295c5d4b8f0]
Event: 216.824 Thread 0x00000295de522800 18640 %     4       java.util.TimSort::mergeLo @ 153 (659 bytes)

GC Heap History (20 events):
Event: 215.769 GC heap after
{Heap after GC invocations=33 (full 0):
 garbage-first heap   total 262144K, used 216064K [0x0000000080000000, 0x0000000100000000)
  region size 1024K, 3 young (3072K), 3 survivors (3072K)
 Metaspace       used 134098K, capacity 138265K, committed 140108K, reserved 1169408K
  class space    used 17572K, capacity 19127K, committed 19788K, reserved 1048576K
}
Event: 215.799 GC heap before
{Heap before GC invocations=33 (full 0):
 garbage-first heap   total 262144K, used 225280K [0x0000000080000000, 0x0000000100000000)
  region size 1024K, 12 young (12288K), 3 survivors (3072K)
 Metaspace       used 134100K, capacity 138265K, committed 140108K, reserved 1169408K
  class space    used 17572K, capacity 19127K, committed 19788K, reserved 1048576K
}
Event: 215.806 GC heap after
{Heap after GC invocations=34 (full 0):
 garbage-first heap   total 262144K, used 221765K [0x0000000080000000, 0x0000000100000000)
  region size 1024K, 2 young (2048K), 2 survivors (2048K)
 Metaspace       used 134100K, capacity 138265K, committed 140108K, reserved 1169408K
  class space    used 17572K, capacity 19127K, committed 19788K, reserved 1048576K
}
Event: 215.847 GC heap before
{Heap before GC invocations=34 (full 0):
 garbage-first heap   total 262144K, used 230981K [0x0000000080000000, 0x0000000100000000)
  region size 1024K, 12 young (12288K), 2 survivors (2048K)
 Metaspace       used 134100K, capacity 138265K, committed 140108K, reserved 1169408K
  class space    used 17572K, capacity 19127K, committed 19788K, reserved 1048576K
}
Event: 215.854 GC heap after
{Heap after GC invocations=35 (full 0):
 garbage-first heap   total 262144K, used 227595K [0x0000000080000000, 0x0000000100000000)
  region size 1024K, 2 young (2048K), 2 survivors (2048K)
 Metaspace       used 134100K, capacity 138265K, committed 140108K, reserved 1169408K
  class space    used 17572K, capacity 19127K, committed 19788K, reserved 1048576K
}
Event: 215.947 GC heap before
{Heap before GC invocations=35 (full 0):
 garbage-first heap   total 262144K, used 237835K [0x0000000080000000, 0x0000000100000000)
  region size 1024K, 12 young (12288K), 2 survivors (2048K)
 Metaspace       used 133945K, capacity 138011K, committed 140108K, reserved 1169408K
  class space    used 17512K, capacity 19016K, committed 19788K, reserved 1048576K
}
Event: 215.954 GC heap after
{Heap after GC invocations=36 (full 0):
 garbage-first heap   total 262144K, used 233345K [0x0000000080000000, 0x0000000100000000)
  region size 1024K, 2 young (2048K), 2 survivors (2048K)
 Metaspace       used 133945K, capacity 138011K, committed 140108K, reserved 1169408K
  class space    used 17512K, capacity 19016K, committed 19788K, reserved 1048576K
}
Event: 216.018 GC heap before
{Heap before GC invocations=37 (full 0):
 garbage-first heap   total 262144K, used 242561K [0x0000000080000000, 0x0000000100000000)
  region size 1024K, 12 young (12288K), 2 survivors (2048K)
 Metaspace       used 134019K, capacity 138089K, committed 140108K, reserved 1169408K
  class space    used 17512K, capacity 19016K, committed 19788K, reserved 1048576K
}
Event: 216.025 GC heap after
{Heap after GC invocations=38 (full 0):
 garbage-first heap   total 262144K, used 235748K [0x0000000080000000, 0x0000000100000000)
  region size 1024K, 2 young (2048K), 2 survivors (2048K)
 Metaspace       used 134019K, capacity 138089K, committed 140108K, reserved 1169408K
  class space    used 17512K, capacity 19016K, committed 19788K, reserved 1048576K
}
Event: 216.092 GC heap before
{Heap before GC invocations=38 (full 0):
 garbage-first heap   total 262144K, used 245988K [0x0000000080000000, 0x0000000100000000)
  region size 1024K, 12 young (12288K), 2 survivors (2048K)
 Metaspace       used 134094K, capacity 138197K, committed 140108K, reserved 1169408K
  class space    used 17517K, capacity 19026K, committed 19788K, reserved 1048576K
}
Event: 216.099 GC heap after
{Heap after GC invocations=39 (full 0):
 garbage-first heap   total 262144K, used 235779K [0x0000000080000000, 0x0000000100000000)
  region size 1024K, 2 young (2048K), 2 survivors (2048K)
 Metaspace       used 134094K, capacity 138197K, committed 140108K, reserved 1169408K
  class space    used 17517K, capacity 19026K, committed 19788K, reserved 1048576K
}
Event: 216.155 GC heap before
{Heap before GC invocations=39 (full 0):
 garbage-first heap   total 262144K, used 246019K [0x0000000080000000, 0x0000000100000000)
  region size 1024K, 12 young (12288K), 2 survivors (2048K)
 Metaspace       used 134100K, capacity 138199K, committed 140108K, reserved 1169408K
  class space    used 17517K, capacity 19026K, committed 19788K, reserved 1048576K
}
Event: 216.162 GC heap after
{Heap after GC invocations=40 (full 0):
 garbage-first heap   total 345088K, used 237057K [0x0000000080000000, 0x0000000100000000)
  region size 1024K, 2 young (2048K), 2 survivors (2048K)
 Metaspace       used 134100K, capacity 138199K, committed 140108K, reserved 1169408K
  class space    used 17517K, capacity 19026K, committed 19788K, reserved 1048576K
}
Event: 216.445 GC heap before
{Heap before GC invocations=40 (full 0):
 garbage-first heap   total 345088K, used 257537K [0x0000000080000000, 0x0000000100000000)
  region size 1024K, 33 young (33792K), 2 survivors (2048K)
 Metaspace       used 134185K, capacity 138267K, committed 140364K, reserved 1169408K
  class space    used 17514K, capacity 19021K, committed 19788K, reserved 1048576K
}
Event: 216.453 GC heap after
{Heap after GC invocations=41 (full 0):
 garbage-first heap   total 345088K, used 230575K [0x0000000080000000, 0x0000000100000000)
  region size 1024K, 5 young (5120K), 5 survivors (5120K)
 Metaspace       used 134185K, capacity 138267K, committed 140364K, reserved 1169408K
  class space    used 17514K, capacity 19021K, committed 19788K, reserved 1048576K
}
Event: 216.654 GC heap before
{Heap before GC invocations=42 (full 0):
 garbage-first heap   total 345088K, used 272559K [0x0000000080000000, 0x0000000100000000)
  region size 1024K, 41 young (41984K), 5 survivors (5120K)
 Metaspace       used 134199K, capacity 138267K, committed 140364K, reserved 1169408K
  class space    used 17515K, capacity 19021K, committed 19788K, reserved 1048576K
}
Event: 216.665 GC heap after
{Heap after GC invocations=43 (full 0):
 garbage-first heap   total 345088K, used 239398K [0x0000000080000000, 0x0000000100000000)
  region size 1024K, 4 young (4096K), 4 survivors (4096K)
 Metaspace       used 134199K, capacity 138267K, committed 140364K, reserved 1169408K
  class space    used 17515K, capacity 19021K, committed 19788K, reserved 1048576K
}
Event: 216.726 GC heap before
{Heap before GC invocations=43 (full 0):
 garbage-first heap   total 345088K, used 251686K [0x0000000080000000, 0x0000000100000000)
  region size 1024K, 16 young (16384K), 4 survivors (4096K)
 Metaspace       used 134209K, capacity 138331K, committed 140364K, reserved 1169408K
  class space    used 17515K, capacity 19021K, committed 19788K, reserved 1048576K
}
Event: 216.739 GC heap after
{Heap after GC invocations=44 (full 0):
 garbage-first heap   total 345088K, used 233511K [0x0000000080000000, 0x0000000100000000)
  region size 1024K, 2 young (2048K), 2 survivors (2048K)
 Metaspace       used 134209K, capacity 138331K, committed 140364K, reserved 1169408K
  class space    used 17515K, capacity 19021K, committed 19788K, reserved 1048576K
}
Event: 216.864 GC heap before
{Heap before GC invocations=44 (full 0):
 garbage-first heap   total 345088K, used 239655K [0x0000000080000000, 0x0000000100000000)
  region size 1024K, 10 young (10240K), 2 survivors (2048K)
 Metaspace       used 134249K, capacity 138336K, committed 140364K, reserved 1169408K
  class space    used 17515K, capacity 19021K, committed 19788K, reserved 1048576K
}

Deoptimization events (20 events):
Event: 216.607 Thread 0x00000295db189800 Uncommon trap: trap_request=0xffffffcc fr.pc=0x00000295c5ce09d0 relative=0x00000000000003f0
Event: 216.607 Thread 0x00000295db189800 Uncommon trap: reason=intrinsic_or_type_checked_inlining action=make_not_entrant pc=0x00000295c5ce09d0 method=java.util.stream.SpinedBuffer.copyInto([Ljava/lang/Object;I)V @ 87 c2
Event: 216.607 Thread 0x00000295db189800 DEOPT PACKING pc=0x00000295c5ce09d0 sp=0x000000f71f1fcd40
Event: 216.607 Thread 0x00000295db189800 DEOPT UNPACKING pc=0x00000295be1a78af sp=0x000000f71f1fcbf0 mode 2
Event: 216.607 Thread 0x00000295db189800 Uncommon trap: trap_request=0xffffffcc fr.pc=0x00000295c5cdfdfc relative=0x00000000000003bc
Event: 216.607 Thread 0x00000295db189800 Uncommon trap: reason=intrinsic_or_type_checked_inlining action=make_not_entrant pc=0x00000295c5cdfdfc method=java.util.stream.SpinedBuffer.copyInto([Ljava/lang/Object;I)V @ 87 c2
Event: 216.607 Thread 0x00000295db189800 DEOPT PACKING pc=0x00000295c5cdfdfc sp=0x000000f71f1fcc60
Event: 216.607 Thread 0x00000295db189800 DEOPT UNPACKING pc=0x00000295be1a78af sp=0x000000f71f1fcbf0 mode 2
Event: 216.612 Thread 0x00000295db189800 Uncommon trap: trap_request=0xffffffcc fr.pc=0x00000295c5cee3b8 relative=0x0000000000000478
Event: 216.612 Thread 0x00000295db189800 Uncommon trap: reason=intrinsic_or_type_checked_inlining action=make_not_entrant pc=0x00000295c5cee3b8 method=java.util.stream.SpinedBuffer.copyInto([Ljava/lang/Object;I)V @ 125 c2
Event: 216.612 Thread 0x00000295db189800 DEOPT PACKING pc=0x00000295c5cee3b8 sp=0x000000f71f1fccc0
Event: 216.613 Thread 0x00000295db189800 DEOPT UNPACKING pc=0x00000295be1a78af sp=0x000000f71f1fcbf0 mode 2
Event: 216.630 Thread 0x00000295db189800 Uncommon trap: trap_request=0xffffffcc fr.pc=0x00000295c5ceafdc relative=0x00000000000009dc
Event: 216.630 Thread 0x00000295db189800 Uncommon trap: reason=intrinsic_or_type_checked_inlining action=make_not_entrant pc=0x00000295c5ceafdc method=java.util.stream.SpinedBuffer.copyInto([Ljava/lang/Object;I)V @ 125 c2
Event: 216.630 Thread 0x00000295db189800 DEOPT PACKING pc=0x00000295c5ceafdc sp=0x000000f71f1fcdc0
Event: 216.630 Thread 0x00000295db189800 DEOPT UNPACKING pc=0x00000295be1a78af sp=0x000000f71f1fcb98 mode 2
Event: 216.745 Thread 0x00000295db189800 DEOPT PACKING pc=0x00000295bf2b34bb sp=0x000000f71f1fceb0
Event: 216.745 Thread 0x00000295db189800 DEOPT UNPACKING pc=0x00000295be1a76ce sp=0x000000f71f1fc398 mode 0
Event: 216.745 Thread 0x00000295db189800 DEOPT PACKING pc=0x00000295bf2aed3c sp=0x000000f71f1fce70
Event: 216.745 Thread 0x00000295db189800 DEOPT UNPACKING pc=0x00000295be1a76ce sp=0x000000f71f1fc360 mode 0

Classes redefined (0 events):
No events

Internal exceptions (20 events):
Event: 214.667 Thread 0x00000295de520000 Exception <a 'sun/nio/fs/WindowsException'{0x000000008eeaf190}> (0x000000008eeaf190) thrown at [./src/hotspot/share/prims/jni.cpp, line 615]
Event: 214.672 Thread 0x00000295de520000 Exception <a 'sun/nio/fs/WindowsException'{0x000000008eeb7d48}> (0x000000008eeb7d48) thrown at [./src/hotspot/share/prims/jni.cpp, line 615]
Event: 214.696 Thread 0x00000295db186000 Exception <a 'sun/nio/fs/WindowsException'{0x000000008e8deef0}> (0x000000008e8deef0) thrown at [./src/hotspot/share/prims/jni.cpp, line 615]
Event: 214.703 Thread 0x00000295db186000 Exception <a 'sun/nio/fs/WindowsException'{0x000000008e7dd960}> (0x000000008e7dd960) thrown at [./src/hotspot/share/prims/jni.cpp, line 615]
Event: 214.706 Thread 0x00000295db186000 Exception <a 'sun/nio/fs/WindowsException'{0x000000008e545958}> (0x000000008e545958) thrown at [./src/hotspot/share/prims/jni.cpp, line 615]
Event: 214.710 Thread 0x00000295db186000 Exception <a 'sun/nio/fs/WindowsException'{0x000000008e54cd80}> (0x000000008e54cd80) thrown at [./src/hotspot/share/prims/jni.cpp, line 615]
Event: 214.712 Thread 0x00000295de519000 Exception <a 'java/lang/NoSuchMethodError'{0x000000008e46e340}: 'java.lang.Object java.lang.invoke.DirectMethodHandle$Holder.invokeVirtual(java.lang.Object, java.lang.Object, int)'> (0x000000008e46e340) thrown at [./src/hotspot/share/interpreter/linkResolver.cpp, line 773]
Event: 214.790 Thread 0x00000295de526000 Exception <a 'java/lang/NoSuchMethodError'{0x000000008cfa7d10}: 'int java.lang.invoke.DirectMethodHandle$Holder.invokeSpecial(java.lang.Object, java.lang.Object, java.lang.Object, java.lang.Object, java.lang.Object, java.lang.Object)'> (0x000000008cfa7d10) thrown at [./src/hotspot/share/interpreter/linkResolver.cpp, line 773]
Event: 214.807 Thread 0x00000295de526000 Exception <a 'sun/nio/fs/WindowsException'{0x000000008ce8fd70}> (0x000000008ce8fd70) thrown at [./src/hotspot/share/prims/jni.cpp, line 615]
Event: 214.810 Thread 0x00000295de526000 Exception <a 'sun/nio/fs/WindowsException'{0x000000008ce98448}> (0x000000008ce98448) thrown at [./src/hotspot/share/prims/jni.cpp, line 615]
Event: 214.812 Thread 0x00000295de526000 Exception <a 'sun/nio/fs/WindowsException'{0x000000008ce9ee80}> (0x000000008ce9ee80) thrown at [./src/hotspot/share/prims/jni.cpp, line 615]
Event: 214.819 Thread 0x00000295de526000 Exception <a 'sun/nio/fs/WindowsException'{0x000000008cdbfd20}> (0x000000008cdbfd20) thrown at [./src/hotspot/share/prims/jni.cpp, line 615]
Event: 215.035 Thread 0x00000295d7d3e800 Exception <a 'java/lang/NoSuchMethodError'{0x000000008ffc1d28}: <clinit>> (0x000000008ffc1d28) thrown at [./src/hotspot/share/prims/jni.cpp, line 1362]
Event: 215.092 Thread 0x00000295db187800 Exception <a 'sun/nio/fs/WindowsException'{0x000000008fcc97f8}> (0x000000008fcc97f8) thrown at [./src/hotspot/share/prims/jni.cpp, line 615]
Event: 215.098 Thread 0x00000295de526000 Exception <a 'sun/nio/fs/WindowsException'{0x000000008fb1e968}> (0x000000008fb1e968) thrown at [./src/hotspot/share/prims/jni.cpp, line 615]
Event: 215.101 Thread 0x00000295db185800 Exception <a 'sun/nio/fs/WindowsException'{0x000000008facdac8}> (0x000000008facdac8) thrown at [./src/hotspot/share/prims/jni.cpp, line 615]
Event: 215.120 Thread 0x00000295db189800 Exception <a 'sun/nio/fs/WindowsException'{0x000000008f646e00}> (0x000000008f646e00) thrown at [./src/hotspot/share/prims/jni.cpp, line 615]
Event: 215.224 Thread 0x00000295db185800 Exception <a 'sun/nio/fs/WindowsException'{0x000000008e286330}> (0x000000008e286330) thrown at [./src/hotspot/share/prims/jni.cpp, line 615]
Event: 215.231 Thread 0x00000295de526000 Exception <a 'sun/nio/fs/WindowsException'{0x000000008e009cc0}> (0x000000008e009cc0) thrown at [./src/hotspot/share/prims/jni.cpp, line 615]
Event: 215.246 Thread 0x00000295db187800 Exception <a 'sun/nio/fs/WindowsException'{0x000000008dd97ff8}> (0x000000008dd97ff8) thrown at [./src/hotspot/share/prims/jni.cpp, line 615]

Events (20 events):
Event: 216.130 Thread 0x00000295d5839800 flushing nmethod 0x00000295bf2c4510
Event: 216.131 Thread 0x00000295d5839800 flushing nmethod 0x00000295bf437d10
Event: 216.132 Thread 0x00000295d5839800 flushing nmethod 0x00000295bf4aae90
Event: 216.155 Executing VM operation: G1CollectForAllocation
Event: 216.162 Executing VM operation: G1CollectForAllocation done
Event: 216.347 Executing VM operation: CGC_Operation
Event: 216.368 Executing VM operation: CGC_Operation done
Event: 216.445 Executing VM operation: G1CollectForAllocation
Event: 216.453 Executing VM operation: G1CollectForAllocation done
Event: 216.462 Executing VM operation: CGC_Operation
Event: 216.463 Executing VM operation: CGC_Operation done
Event: 216.506 loading class com/android/tools/r8/graph/v0$a
Event: 216.506 loading class com/android/tools/r8/graph/v0$a done
Event: 216.625 Executing VM operation: ICBufferFull
Event: 216.625 Executing VM operation: ICBufferFull done
Event: 216.654 Executing VM operation: G1CollectForAllocation
Event: 216.665 Executing VM operation: G1CollectForAllocation done
Event: 216.726 Executing VM operation: G1CollectForAllocation
Event: 216.739 Executing VM operation: G1CollectForAllocation done
Event: 216.864 Executing VM operation: G1CollectForAllocation


Dynamic libraries:
0x00007ff62a170000 - 0x00007ff62a17a000 	D:\Android Studio\jre\bin\java.exe
0x00007ffb413d0000 - 0x00007ffb415c5000 	C:\Windows\SYSTEM32\ntdll.dll
0x00007ffb40de0000 - 0x00007ffb40e9e000 	C:\Windows\System32\KERNEL32.DLL
0x00007ffb3f140000 - 0x00007ffb3f408000 	C:\Windows\System32\KERNELBASE.dll
0x00007ffb3eca0000 - 0x00007ffb3eda0000 	C:\Windows\System32\ucrtbase.dll
0x00007ffb28eb0000 - 0x00007ffb28ec9000 	D:\Android Studio\jre\bin\jli.dll
0x00007ffb2c320000 - 0x00007ffb2c337000 	D:\Android Studio\jre\bin\VCRUNTIME140.dll
0x00007ffb404a0000 - 0x00007ffb40641000 	C:\Windows\System32\USER32.dll
0x00007ffb3eae0000 - 0x00007ffb3eb02000 	C:\Windows\System32\win32u.dll
0x00007ffb316c0000 - 0x00007ffb3195a000 	C:\Windows\WinSxS\amd64_microsoft.windows.common-controls_6595b64144ccf1df_6.0.19041.1110_none_60b5254171f9507e\COMCTL32.dll
0x00007ffb3ffb0000 - 0x00007ffb3ffdb000 	C:\Windows\System32\GDI32.dll
0x00007ffb3f630000 - 0x00007ffb3f6ce000 	C:\Windows\System32\msvcrt.dll
0x00007ffb3ef00000 - 0x00007ffb3f00d000 	C:\Windows\System32\gdi32full.dll
0x00007ffb3f0a0000 - 0x00007ffb3f13d000 	C:\Windows\System32\msvcp_win.dll
0x00007ffb40040000 - 0x00007ffb40070000 	C:\Windows\System32\IMM32.DLL
0x00007ffb23d60000 - 0x00007ffb23dfd000 	D:\Android Studio\jre\bin\msvcp140.dll
0x00007ffb00530000 - 0x00007ffb00fff000 	D:\Android Studio\jre\bin\server\jvm.dll
0x00007ffb40d20000 - 0x00007ffb40dce000 	C:\Windows\System32\ADVAPI32.dll
0x00007ffb40c80000 - 0x00007ffb40d1c000 	C:\Windows\System32\sechost.dll
0x00007ffb3f4a0000 - 0x00007ffb3f5c5000 	C:\Windows\System32\RPCRT4.dll
0x00007ffb41170000 - 0x00007ffb41178000 	C:\Windows\System32\PSAPI.DLL
0x00007ffb31e70000 - 0x00007ffb31e79000 	C:\Windows\SYSTEM32\WSOCK32.dll
0x00007ffb364b0000 - 0x00007ffb364d7000 	C:\Windows\SYSTEM32\WINMM.dll
0x00007ffb364e0000 - 0x00007ffb364ea000 	C:\Windows\SYSTEM32\VERSION.dll
0x00007ffb3ff40000 - 0x00007ffb3ffab000 	C:\Windows\System32\WS2_32.dll
0x00007ffb3d3b0000 - 0x00007ffb3d3c2000 	C:\Windows\SYSTEM32\kernel.appcore.dll
0x00007ffb26150000 - 0x00007ffb26161000 	D:\Android Studio\jre\bin\verify.dll
0x00007ffb34300000 - 0x00007ffb344e4000 	C:\Windows\SYSTEM32\DBGHELP.DLL
0x00007ffb2bf50000 - 0x00007ffb2bf7c000 	C:\Windows\SYSTEM32\dbgcore.DLL
0x00007ffb3eb10000 - 0x00007ffb3eb92000 	C:\Windows\System32\bcryptPrimitives.dll
0x00007ffb23ce0000 - 0x00007ffb23d09000 	D:\Android Studio\jre\bin\java.dll
0x00007ffb29030000 - 0x00007ffb2903b000 	D:\Android Studio\jre\bin\jimage.dll
0x00007ffb25d90000 - 0x00007ffb25da8000 	D:\Android Studio\jre\bin\zip.dll
0x00007ffb3f6d0000 - 0x00007ffb3fe14000 	C:\Windows\System32\SHELL32.dll
0x00007ffb3cba0000 - 0x00007ffb3d335000 	C:\Windows\SYSTEM32\windows.storage.dll
0x00007ffb40070000 - 0x00007ffb403c5000 	C:\Windows\System32\combase.dll
0x00007ffb3e530000 - 0x00007ffb3e55e000 	C:\Windows\SYSTEM32\Wldp.dll
0x00007ffb410c0000 - 0x00007ffb4116d000 	C:\Windows\System32\SHCORE.dll
0x00007ffb3f5d0000 - 0x00007ffb3f625000 	C:\Windows\System32\shlwapi.dll
0x00007ffb3ea20000 - 0x00007ffb3ea3f000 	C:\Windows\SYSTEM32\profapi.dll
0x00007ffb25c80000 - 0x00007ffb25c9a000 	D:\Android Studio\jre\bin\net.dll
0x00007ffb38080000 - 0x00007ffb3818c000 	C:\Windows\SYSTEM32\WINHTTP.dll
0x00007ffb3e290000 - 0x00007ffb3e2fa000 	C:\Windows\system32\mswsock.dll
0x00007ffb24020000 - 0x00007ffb24034000 	D:\Android Studio\jre\bin\nio.dll
0x00007ffb19d90000 - 0x00007ffb19db7000 	C:\Users\Kostya\.gradle\native\8bec1ad78214c89d9ad589b4d07fe93259594b29d510b10fafb7a158f7737e5d\windows-amd64\native-platform.dll
0x00007ffb07000000 - 0x00007ffb0713d000 	C:\Users\Kostya\.gradle\native\53dbd7edfb1c66fb8903c78663c9afc45aea4f116125fa6feffd364cf09443e8\windows-amd64\native-platform-file-events.dll
0x00007ffb28fd0000 - 0x00007ffb28fda000 	D:\Android Studio\jre\bin\management.dll
0x00007ffb27a90000 - 0x00007ffb27a9c000 	D:\Android Studio\jre\bin\management_ext.dll
0x00007ffb3e490000 - 0x00007ffb3e4a8000 	C:\Windows\SYSTEM32\CRYPTSP.dll
0x00007ffb3dba0000 - 0x00007ffb3dbd4000 	C:\Windows\system32\rsaenh.dll
0x00007ffb3f070000 - 0x00007ffb3f097000 	C:\Windows\System32\bcrypt.dll
0x00007ffb3e9e0000 - 0x00007ffb3ea0e000 	C:\Windows\SYSTEM32\USERENV.dll
0x00007ffb3e480000 - 0x00007ffb3e48c000 	C:\Windows\SYSTEM32\CRYPTBASE.dll
0x00007ffb3df30000 - 0x00007ffb3df6b000 	C:\Windows\SYSTEM32\IPHLPAPI.DLL
0x00007ffb40ea0000 - 0x00007ffb40ea8000 	C:\Windows\System32\NSI.dll
0x00007ffb39020000 - 0x00007ffb39037000 	C:\Windows\SYSTEM32\dhcpcsvc6.DLL
0x00007ffb38f00000 - 0x00007ffb38f1d000 	C:\Windows\SYSTEM32\dhcpcsvc.DLL
0x00007ffb3df80000 - 0x00007ffb3e04b000 	C:\Windows\SYSTEM32\DNSAPI.dll
0x00007ffb28fe0000 - 0x00007ffb28ffe000 	C:\Users\Kostya\AppData\Local\Temp\native-platform343841450495684268dir\native-platform.dll
0x00007ffb2c2f0000 - 0x00007ffb2c2f8000 	D:\Android Studio\jre\bin\rmi.dll
0x00007ffb2a900000 - 0x00007ffb2a917000 	C:\Windows\system32\napinsp.dll
0x00007ffb2a8e0000 - 0x00007ffb2a8fb000 	C:\Windows\system32\pnrpnsp.dll
0x00007ffb2a730000 - 0x00007ffb2a745000 	C:\Windows\system32\wshbth.dll
0x00007ffb3b420000 - 0x00007ffb3b43d000 	C:\Windows\system32\NLAapi.dll
0x00007ffb2a710000 - 0x00007ffb2a722000 	C:\Windows\System32\winrnr.dll
0x00007ffb37c60000 - 0x00007ffb37c6a000 	C:\Windows\System32\rasadhlp.dll
0x00007ffb378c0000 - 0x00007ffb3793f000 	C:\Windows\System32\fwpuclnt.dll

dbghelp: loaded successfully - version: 4.0.5 - missing functions: none
symbol engine: initialized successfully - sym options: 0x614 - pdb path: .;D:\Android Studio\jre\bin;C:\Windows\SYSTEM32;C:\Windows\WinSxS\amd64_microsoft.windows.common-controls_6595b64144ccf1df_6.0.19041.1110_none_60b5254171f9507e;D:\Android Studio\jre\bin\server;C:\Users\Kostya\.gradle\native\8bec1ad78214c89d9ad589b4d07fe93259594b29d510b10fafb7a158f7737e5d\windows-amd64;C:\Users\Kostya\.gradle\native\53dbd7edfb1c66fb8903c78663c9afc45aea4f116125fa6feffd364cf09443e8\windows-amd64;C:\Users\Kostya\AppData\Local\Temp\native-platform343841450495684268dir

VM Arguments:
jvm_args: --add-opens=java.base/java.util=ALL-UNNAMED --add-opens=java.base/java.lang=ALL-UNNAMED --add-opens=java.base/java.lang.invoke=ALL-UNNAMED --add-opens=java.base/java.util=ALL-UNNAMED --add-opens=java.prefs/java.util.prefs=ALL-UNNAMED --add-opens=java.prefs/java.util.prefs=ALL-UNNAMED --add-opens=java.base/java.nio.charset=ALL-UNNAMED --add-opens=java.base/java.net=ALL-UNNAMED --add-opens=java.base/java.util.concurrent.atomic=ALL-UNNAMED -Xmx2048m -Dfile.encoding=UTF-8 -Duser.country=RU -Duser.language=ru -Duser.variant 
java_command: org.gradle.launcher.daemon.bootstrap.GradleDaemon 7.0.2
java_class_path (initial): C:\Users\Kostya\.gradle\wrapper\dists\gradle-7.0.2-bin\857tjihv64xamwrf0h14cai3r\gradle-7.0.2\lib\gradle-launcher-7.0.2.jar
Launcher Type: SUN_STANDARD

[Global flags]
     intx CICompilerCount                          = 4                                         {product} {ergonomic}
     uint ConcGCThreads                            = 3                                         {product} {ergonomic}
     uint G1ConcRefinementThreads                  = 10                                        {product} {ergonomic}
   size_t G1HeapRegionSize                         = 1048576                                   {product} {ergonomic}
    uintx GCDrainStackTargetSize                   = 64                                        {product} {ergonomic}
   size_t InitialHeapSize                          = 268435456                                 {product} {ergonomic}
   size_t MarkStackSize                            = 4194304                                   {product} {ergonomic}
   size_t MaxHeapSize                              = 2147483648                                {product} {command line}
   size_t MaxNewSize                               = 1287651328                                {product} {ergonomic}
   size_t MinHeapDeltaBytes                        = 1048576                                   {product} {ergonomic}
    uintx NonNMethodCodeHeapSize                   = 5836300                                {pd product} {ergonomic}
    uintx NonProfiledCodeHeapSize                  = 122910970                              {pd product} {ergonomic}
    uintx ProfiledCodeHeapSize                     = 122910970                              {pd product} {ergonomic}
    uintx ReservedCodeCacheSize                    = 251658240                              {pd product} {ergonomic}
     bool SegmentedCodeCache                       = true                                      {product} {ergonomic}
     bool UseCompressedClassPointers               = true                                 {lp64_product} {ergonomic}
     bool UseCompressedOops                        = true                                 {lp64_product} {ergonomic}
     bool UseG1GC                                  = true                                      {product} {ergonomic}
     bool UseLargePagesIndividualAllocation        = false                                  {pd product} {ergonomic}

Logging:
Log output configuration:
 #0: stdout all=warning uptime,level,tags
 #1: stderr all=off uptime,level,tags

Environment Variables:
PATH=C:\Program Files (x86)\NVIDIA Corporation\PhysX\Common;C:\Program Files (x86)\Common Files\Oracle\Java\javapath;C:\VulkanSDK\1.1.106.0\Bin;C:\Windows\system32;C:\Windows;C:\Windows\System32\Wbem;C:\Windows\System32\WindowsPowerShell\v1.0\;C:\Windows\System32\OpenSSH\;C:\Program Files\dotnet\;C:\Program Files\Microsoft SQL Server\130\Tools\Binn\;C:\Program Files\Git\cmd;C:\Users\Костька\AppData\Local\Programs\Python\Python38-32\Scripts;C:\Program Files (x86)\Java\jdk-15.0.1\bin;C:\Program Files (x86)\Java\jre1.8.0_271\bin;C:\Program Files (x86)\Microsoft SQL Server\150\DTS\Binn\;C:\Program Files\Azure Data Studio\bin;C:\Program Files (x86)\apache-maven-3.6.3\bin;C:\Program Files\CMake\bin;C:\Program Files\MySQL\MySQL Shell 8.0\bin\;C:\Users\Kostya\AppData\Local\Microsoft\WindowsApps;C:\Users\Костька\AppData\Local\Programs\Microsoft VS Code\bin;C:\Program Files\Azure Data Studio\bin;C:\Program Files (x86)\apache-maven-3.6.3\bin;C:\VTK9.0\bin\bin;C:\Users\Костька\AppData\Roaming\Microsoft\Windows\Start Menu\Programs\Python 3.8;;C:\Program Files\JetBrains\IntelliJ IDEA 2021.2.2\bin;
USERNAME=Kostya
OS=Windows_NT
PROCESSOR_IDENTIFIER=AMD64 Family 23 Model 8 Stepping 2, AuthenticAMD



---------------  S Y S T E M  ---------------

OS: Windows 10 , 64 bit Build 19041 (10.0.19041.1466)
OS uptime: 2 days 19:06 hours

CPU:total 12 (initial active 12) (12 cores per cpu, 2 threads per core) family 23 model 8 stepping 2 microcode 0x0, cmov, cx8, fxsr, mmx, sse, sse2, sse3, ssse3, sse4.1, sse4.2, popcnt, avx, avx2, aes, clmul, mmxext, 3dnowpref, lzcnt, sse4a, ht, tsc, tscinvbit, tscinv, bmi1, bmi2, adx, s

Memory: 4k page, system-wide physical 16316M (3279M free)
TotalPageFile size 20402M (AvailPageFile size 29M)
current process WorkingSet (physical memory assigned to process): 688M, peak: 691M
current process commit charge ("private bytes"): 768M, peak: 1053M

vm_info: OpenJDK 64-Bit Server VM (11.0.10+0-b96-7249189) for windows-amd64 JRE (11.0.10+0-b96-7249189), built on Mar 31 2021 21:44:00 by "builder" with MS VC++ 14.0 (VS2015)

END.
