#
# There is insufficient memory for the Java Runtime Environment to continue.
# Native memory allocation (mmap) failed to map 268435456 bytes for Failed to commit area from 0x0000000701000000 to 0x0000000711000000 of length 268435456.
# Possible reasons:
#   The system is out of physical RAM or swap space
#   The process is running with CompressedOops enabled, and the Java Heap may be blocking the growth of the native heap
# Possible solutions:
#   Reduce memory load on the system
#   Increase physical memory or swap space
#   Check if swap backing store is full
#   Decrease Java heap size (-Xmx/-Xms)
#   Decrease number of Java threads
#   Decrease Java thread stack sizes (-Xss)
#   Set larger code cache with -XX:ReservedCodeCacheSize=
# This output file may be truncated or incomplete.
#
#  Out of Memory Error (./src/hotspot/os/windows/os_windows.cpp:3301), pid=7428, tid=5968
#
# JRE version:  (11.0.10) (build )
# Java VM: OpenJDK 64-Bit Server VM (11.0.10+0-b96-7249189, mixed mode, sharing, tiered, compressed oops, g1 gc, windows-amd64)
# No core dump will be written. Minidumps are not enabled by default on client versions of Windows
#

---------------  S U M M A R Y ------------

Command Line: org.jetbrains.kotlin.cli.jvm.K2JVMCompiler @C:\Users\Kostya\StudioProjects\Graduation-Harman\app\build\20220129_1009902609691050701.compiler.options

Host: AMD Ryzen 5 2600 Six-Core Processor            , 12 cores, 15G,  Windows 10 , 64 bit Build 19041 (10.0.19041.1466)
Time: Sat Jan 29 19:07:24 2022 RTZ 2 (зима) elapsed time: 0.016706 seconds (0d 0h 0m 0s)

---------------  T H R E A D  ---------------

Current thread (0x000001ceb1dfa800):  JavaThread "Unknown thread" [_thread_in_vm, id=5968, stack(0x000000c955200000,0x000000c955300000)]

Stack: [0x000000c955200000,0x000000c955300000]
Native frames: (J=compiled Java code, j=interpreted, Vv=VM code, C=native code)
V  [jvm.dll+0x5ecfaa]
V  [jvm.dll+0x722bd5]
V  [jvm.dll+0x72412d]
V  [jvm.dll+0x7247e3]
V  [jvm.dll+0x242928]
V  [jvm.dll+0x5ea374]
V  [jvm.dll+0x5df425]
V  [jvm.dll+0x2fdebb]
V  [jvm.dll+0x2fde2a]
V  [jvm.dll+0x2fdd02]
V  [jvm.dll+0x302bf6]
V  [jvm.dll+0x34b2a3]
V  [jvm.dll+0x34b9a6]
V  [jvm.dll+0x34b3a3]
V  [jvm.dll+0x2d8888]
V  [jvm.dll+0x2d9a37]
V  [jvm.dll+0x701737]
V  [jvm.dll+0x702f2c]
V  [jvm.dll+0x3587d9]
V  [jvm.dll+0x6e4fae]
V  [jvm.dll+0x3c0be3]
V  [jvm.dll+0x3c2e91]
C  [jli.dll+0x5373]
C  [ucrtbase.dll+0x21bb2]
C  [KERNEL32.DLL+0x17034]
C  [ntdll.dll+0x52651]


---------------  P R O C E S S  ---------------

Threads class SMR info:
_java_thread_list=0x000001ceb0423af0, length=0, elements={
}

Java Threads: ( => current thread )

Other Threads:
  0x000001ceb1e13000 GCTaskThread "GC Thread#0" [stack: 0x000000c955300000,0x000000c955400000] [id=15052]
  0x000001ceb1e74000 ConcurrentGCThread "G1 Main Marker" [stack: 0x000000c955400000,0x000000c955500000] [id=13284]
  0x000001ceb1e76800 ConcurrentGCThread "G1 Conc#0" [stack: 0x000000c955500000,0x000000c955600000] [id=15020]

[error occurred during error reporting (printing all threads), id 0xc0000005, EXCEPTION_ACCESS_VIOLATION (0xc0000005) at pc=0x00007ffb00819107]

VM state:not at safepoint (not fully initialized)

VM Mutex/Monitor currently owned by a thread:  ([mutex/lock_event])
[0x000001ceb1df94b0] Heap_lock - owner thread: 0x000001ceb1dfa800

Heap address: 0x0000000701000000, size: 4080 MB, Compressed Oops mode: Non-zero based: 0x0000000701000000
Narrow klass base: 0x0000000000000000, Narrow klass shift: 0

GC Heap History (0 events):
No events

Deoptimization events (0 events):
No events

Classes redefined (0 events):
No events

Internal exceptions (0 events):
No events

Events (1 events):
Event: 0.007 Loaded shared library D:\Android Studio\jre\bin\zip.dll


Dynamic libraries:
0x00007ff62a170000 - 0x00007ff62a17a000 	D:\Android Studio\jre\bin\java.exe
0x00007ffb413d0000 - 0x00007ffb415c5000 	C:\Windows\SYSTEM32\ntdll.dll
0x00007ffb40de0000 - 0x00007ffb40e9e000 	C:\Windows\System32\KERNEL32.DLL
0x00007ffb3f140000 - 0x00007ffb3f408000 	C:\Windows\System32\KERNELBASE.dll
0x00007ffb3eca0000 - 0x00007ffb3eda0000 	C:\Windows\System32\ucrtbase.dll
0x00007ffb21cf0000 - 0x00007ffb21d09000 	D:\Android Studio\jre\bin\jli.dll
0x00007ffb23530000 - 0x00007ffb23547000 	D:\Android Studio\jre\bin\VCRUNTIME140.dll
0x00007ffb404a0000 - 0x00007ffb40641000 	C:\Windows\System32\USER32.dll
0x00007ffb3eae0000 - 0x00007ffb3eb02000 	C:\Windows\System32\win32u.dll
0x00007ffb316c0000 - 0x00007ffb3195a000 	C:\Windows\WinSxS\amd64_microsoft.windows.common-controls_6595b64144ccf1df_6.0.19041.1110_none_60b5254171f9507e\COMCTL32.dll
0x00007ffb3ffb0000 - 0x00007ffb3ffdb000 	C:\Windows\System32\GDI32.dll
0x00007ffb3f630000 - 0x00007ffb3f6ce000 	C:\Windows\System32\msvcrt.dll
0x00007ffb3ef00000 - 0x00007ffb3f00d000 	C:\Windows\System32\gdi32full.dll
0x00007ffb3f0a0000 - 0x00007ffb3f13d000 	C:\Windows\System32\msvcp_win.dll
0x00007ffb40040000 - 0x00007ffb40070000 	C:\Windows\System32\IMM32.DLL
0x00007ffb06de0000 - 0x00007ffb06e7d000 	D:\Android Studio\jre\bin\msvcp140.dll
0x00007ffb00530000 - 0x00007ffb00fff000 	D:\Android Studio\jre\bin\server\jvm.dll
0x00007ffb40d20000 - 0x00007ffb40dce000 	C:\Windows\System32\ADVAPI32.dll
0x00007ffb40c80000 - 0x00007ffb40d1c000 	C:\Windows\System32\sechost.dll
0x00007ffb3f4a0000 - 0x00007ffb3f5c5000 	C:\Windows\System32\RPCRT4.dll
0x00007ffb41170000 - 0x00007ffb41178000 	C:\Windows\System32\PSAPI.DLL
0x00007ffb31e70000 - 0x00007ffb31e79000 	C:\Windows\SYSTEM32\WSOCK32.dll
0x00007ffb364e0000 - 0x00007ffb364ea000 	C:\Windows\SYSTEM32\VERSION.dll
0x00007ffb3ff40000 - 0x00007ffb3ffab000 	C:\Windows\System32\WS2_32.dll
0x00007ffb364b0000 - 0x00007ffb364d7000 	C:\Windows\SYSTEM32\WINMM.dll
0x00007ffb3d3b0000 - 0x00007ffb3d3c2000 	C:\Windows\SYSTEM32\kernel.appcore.dll
0x00007ffb26150000 - 0x00007ffb26161000 	D:\Android Studio\jre\bin\verify.dll
0x00007ffb34300000 - 0x00007ffb344e4000 	C:\Windows\SYSTEM32\DBGHELP.DLL
0x00007ffb2bf50000 - 0x00007ffb2bf7c000 	C:\Windows\SYSTEM32\dbgcore.DLL
0x00007ffb3eb10000 - 0x00007ffb3eb92000 	C:\Windows\System32\bcryptPrimitives.dll
0x00007ffb23ce0000 - 0x00007ffb23d09000 	D:\Android Studio\jre\bin\java.dll
0x00007ffb29030000 - 0x00007ffb2903b000 	D:\Android Studio\jre\bin\jimage.dll
0x00007ffb25d90000 - 0x00007ffb25da8000 	D:\Android Studio\jre\bin\zip.dll

dbghelp: loaded successfully - version: 4.0.5 - missing functions: none
symbol engine: initialized successfully - sym options: 0x614 - pdb path: .;D:\Android Studio\jre\bin;C:\Windows\SYSTEM32;C:\Windows\WinSxS\amd64_microsoft.windows.common-controls_6595b64144ccf1df_6.0.19041.1110_none_60b5254171f9507e;D:\Android Studio\jre\bin\server

VM Arguments:
java_command: org.jetbrains.kotlin.cli.jvm.K2JVMCompiler @C:\Users\Kostya\StudioProjects\Graduation-Harman\app\build\20220129_1009902609691050701.compiler.options
java_class_path (initial): C:\Users\Kostya\.gradle\caches\modules-2\files-2.1\org.jetbrains.kotlin\kotlin-compiler-embeddable\1.6.10\88f2073f4020cdb83132cfe940ceb9a60aba54ea\kotlin-compiler-embeddable-1.6.10.jar;C:\Users\Kostya\.gradle\caches\modules-2\files-2.1\org.jetbrains.kotlin\kotlin-reflect\1.6.10\1cbe9c92c12a94eea200d23c2bbaedaf3daf5132\kotlin-reflect-1.6.10.jar;C:\Users\Kostya\.gradle\caches\modules-2\files-2.1\org.jetbrains.kotlin\kotlin-stdlib\1.6.10\b8af3fe6f1ca88526914929add63cf5e7c5049af\kotlin-stdlib-1.6.10.jar;C:\Users\Kostya\.gradle\caches\modules-2\files-2.1\org.jetbrains.kotlin\kotlin-script-runtime\1.6.10\d0a7ff2e2500ef497ed0214ae40ad3c8387a6164\kotlin-script-runtime-1.6.10.jar;C:\Users\Kostya\.gradle\caches\modules-2\files-2.1\org.jetbrains.kotlin\kotlin-daemon-embeddable\1.6.10\a56d79bcbea411fa6058e4ecffc2de73e742bd2a\kotlin-daemon-embeddable-1.6.10.jar;C:\Users\Kostya\.gradle\caches\modules-2\files-2.1\org.jetbrains.intellij.deps\trove4j\1.0.20181211\216c2e14b070f334479d800987affe4054cd563f\trove4j-1.0.20181211.jar;C:\Users\Kostya\.gradle\caches\modules-2\files-2.1\net.java.dev.jna\jna\5.6.0\330f2244e9030119ab3030fc3fededc86713d9cc\jna-5.6.0.jar;C:\Users\Kostya\.gradle\caches\modules-2\files-2.1\org.jetbrains\annotations\13.0\919f0dfe192fb4e063e7dacadee7f8bb9a2672a9\annotations-13.0.jar;C:\Users\Kostya\.gradle\caches\modules-2\files-2.1\org.jetbrains.kotlin\kotlin-stdlib-common\1.6.10\c118700e3a33c8a0d9adc920e9dec0831171925\kotlin-stdlib-common-1.6.10.jar
Launcher Type: SUN_STANDARD

[Global flags]
     intx CICompilerCount                          = 4                                         {product} {ergonomic}
     uint ConcGCThreads                            = 3                                         {product} {ergonomic}
     uint G1ConcRefinementThreads                  = 10                                        {product} {ergonomic}
   size_t G1HeapRegionSize                         = 1048576                                   {product} {ergonomic}
    uintx GCDrainStackTargetSize                   = 64                                        {product} {ergonomic}
   size_t InitialHeapSize                          = 268435456                                 {product} {ergonomic}
   size_t MarkStackSize                            = 4194304                                   {product} {ergonomic}
   size_t MaxHeapSize                              = 4278190080                                {product} {ergonomic}
   size_t MinHeapDeltaBytes                        = 1048576                                   {product} {ergonomic}
    uintx NonNMethodCodeHeapSize                   = 5836300                                {pd product} {ergonomic}
    uintx NonProfiledCodeHeapSize                  = 122910970                              {pd product} {ergonomic}
    uintx ProfiledCodeHeapSize                     = 122910970                              {pd product} {ergonomic}
    uintx ReservedCodeCacheSize                    = 251658240                              {pd product} {ergonomic}
     bool SegmentedCodeCache                       = true                                      {product} {ergonomic}
     bool UseCompressedClassPointers               = true                                 {lp64_product} {ergonomic}
     bool UseCompressedOops                        = true                                 {lp64_product} {ergonomic}
     bool UseG1GC                                  = true                                      {product} {ergonomic}
     bool UseLargePagesIndividualAllocation        = false                                  {pd product} {ergonomic}

Logging:
Log output configuration:
 #0: stdout all=warning uptime,level,tags
 #1: stderr all=off uptime,level,tags

Environment Variables:
PATH=C:\Program Files (x86)\NVIDIA Corporation\PhysX\Common;C:\Program Files (x86)\Common Files\Oracle\Java\javapath;C:\VulkanSDK\1.1.106.0\Bin;C:\Windows\system32;C:\Windows;C:\Windows\System32\Wbem;C:\Windows\System32\WindowsPowerShell\v1.0\;C:\Windows\System32\OpenSSH\;C:\Program Files\dotnet\;C:\Program Files\Microsoft SQL Server\130\Tools\Binn\;C:\Program Files\Git\cmd;C:\Users\Костька\AppData\Local\Programs\Python\Python38-32\Scripts;C:\Program Files (x86)\Java\jdk-15.0.1\bin;C:\Program Files (x86)\Java\jre1.8.0_271\bin;C:\Program Files (x86)\Microsoft SQL Server\150\DTS\Binn\;C:\Program Files\Azure Data Studio\bin;C:\Program Files (x86)\apache-maven-3.6.3\bin;C:\Program Files\CMake\bin;C:\Program Files\MySQL\MySQL Shell 8.0\bin\;C:\Users\Kostya\AppData\Local\Microsoft\WindowsApps;C:\Users\Костька\AppData\Local\Programs\Microsoft VS Code\bin;C:\Program Files\Azure Data Studio\bin;C:\Program Files (x86)\apache-maven-3.6.3\bin;C:\VTK9.0\bin\bin;C:\Users\Костька\AppData\Roaming\Microsoft\Windows\Start Menu\Programs\Python 3.8;;C:\Program Files\JetBrains\IntelliJ IDEA 2021.2.2\bin;
USERNAME=Kostya
OS=Windows_NT
PROCESSOR_IDENTIFIER=AMD64 Family 23 Model 8 Stepping 2, AuthenticAMD



---------------  S Y S T E M  ---------------

OS: Windows 10 , 64 bit Build 19041 (10.0.19041.1466)
OS uptime: 2 days 19:01 hours

CPU:total 12 (initial active 12) (12 cores per cpu, 2 threads per core) family 23 model 8 stepping 2 microcode 0x0, cmov, cx8, fxsr, mmx, sse, sse2, sse3, ssse3, sse4.1, sse4.2, popcnt, avx, avx2, aes, clmul, mmxext, 3dnowpref, lzcnt, sse4a, ht, tsc, tscinvbit, tscinv, bmi1, bmi2, adx, s

Memory: 4k page, system-wide physical 16316M (3540M free)
TotalPageFile size 20402M (AvailPageFile size 126M)
current process WorkingSet (physical memory assigned to process): 10M, peak: 10M
current process commit charge ("private bytes"): 64M, peak: 320M

vm_info: OpenJDK 64-Bit Server VM (11.0.10+0-b96-7249189) for windows-amd64 JRE (11.0.10+0-b96-7249189), built on Mar 31 2021 21:44:00 by "builder" with MS VC++ 14.0 (VS2015)

END.
